[2019-06-18 20:47:04] local.ERROR: SQLSTATE[HY000]: General error: 1215 Cannot add foreign key constraint (SQL: alter table `projects` add constraint `projects_owner_id_foreign` foreign key (`owner_id`) references `users` (`id`) on delete cascade) {"exception":"[object] (Illuminate\\Database\\QueryException(code: HY000): SQLSTATE[HY000]: General error: 1215 Cannot add foreign key constraint (SQL: alter table `projects` add constraint `projects_owner_id_foreign` foreign key (`owner_id`) references `users` (`id`) on delete cascade) at /home/vagrant/code/cathode/vendor/laravel/framework/src/Illuminate/Database/Connection.php:664, PDOException(code: HY000): SQLSTATE[HY000]: General error: 1215 Cannot add foreign key constraint at /home/vagrant/code/cathode/vendor/laravel/framework/src/Illuminate/Database/Connection.php:458)
[stacktrace]
#0 /home/vagrant/code/cathode/vendor/laravel/framework/src/Illuminate/Database/Connection.php(624): Illuminate\\Database\\Connection->runQueryCallback('alter table `pr...', Array, Object(Closure))
#1 /home/vagrant/code/cathode/vendor/laravel/framework/src/Illuminate/Database/Connection.php(459): Illuminate\\Database\\Connection->run('alter table `pr...', Array, Object(Closure))
#2 /home/vagrant/code/cathode/vendor/laravel/framework/src/Illuminate/Database/Schema/Blueprint.php(97): Illuminate\\Database\\Connection->statement('alter table `pr...')
#3 /home/vagrant/code/cathode/vendor/laravel/framework/src/Illuminate/Database/Schema/Builder.php(278): Illuminate\\Database\\Schema\\Blueprint->build(Object(Illuminate\\Database\\MySqlConnection), Object(Illuminate\\Database\\Schema\\Grammars\\MySqlGrammar))
#4 /home/vagrant/code/cathode/vendor/laravel/framework/src/Illuminate/Database/Schema/Builder.php(167): Illuminate\\Database\\Schema\\Builder->build(Object(Illuminate\\Database\\Schema\\Blueprint))
#5 /home/vagrant/code/cathode/vendor/laravel/framework/src/Illuminate/Support/Facades/Facade.php(237): Illuminate\\Database\\Schema\\Builder->create('projects', Object(Closure))
#6 /home/vagrant/code/cathode/database/migrations/2019_05_27_174523_create_projects_table.php(23): Illuminate\\Support\\Facades\\Facade::__callStatic('create', Array)
#7 /home/vagrant/code/cathode/vendor/laravel/framework/src/Illuminate/Database/Migrations/Migrator.php(385): CreateProjectsTable->up()
#8 /home/vagrant/code/cathode/vendor/laravel/framework/src/Illuminate/Database/Migrations/Migrator.php(394): Illuminate\\Database\\Migrations\\Migrator->Illuminate\\Database\\Migrations\\{closure}()
#9 /home/vagrant/code/cathode/vendor/laravel/framework/src/Illuminate/Database/Migrations/Migrator.php(197): Illuminate\\Database\\Migrations\\Migrator->runMigration(Object(CreateProjectsTable), 'up')
#10 /home/vagrant/code/cathode/vendor/laravel/framework/src/Illuminate/Database/Migrations/Migrator.php(164): Illuminate\\Database\\Migrations\\Migrator->runUp('/home/vagrant/c...', 1, false)
#11 /home/vagrant/code/cathode/vendor/laravel/framework/src/Illuminate/Database/Migrations/Migrator.php(111): Illuminate\\Database\\Migrations\\Migrator->runPending(Array, Array)
#12 /home/vagrant/code/cathode/vendor/laravel/framework/src/Illuminate/Database/Console/Migrations/MigrateCommand.php(71): Illuminate\\Database\\Migrations\\Migrator->run(Array, Array)
#13 [internal function]: Illuminate\\Database\\Console\\Migrations\\MigrateCommand->handle()
#14 /home/vagrant/code/cathode/vendor/laravel/framework/src/Illuminate/Container/BoundMethod.php(32): call_user_func_array(Array, Array)
#15 /home/vagrant/code/cathode/vendor/laravel/framework/src/Illuminate/Container/BoundMethod.php(90): Illuminate\\Container\\BoundMethod::Illuminate\\Container\\{closure}()
#16 /home/vagrant/code/cathode/vendor/laravel/framework/src/Illuminate/Container/BoundMethod.php(34): Illuminate\\Container\\BoundMethod::callBoundMethod(Object(Illuminate\\Foundation\\Application), Array, Object(Closure))
#17 /home/vagrant/code/cathode/vendor/laravel/framework/src/Illuminate/Container/Container.php(576): Illuminate\\Container\\BoundMethod::call(Object(Illuminate\\Foundation\\Application), Array, Array, NULL)
#18 /home/vagrant/code/cathode/vendor/laravel/framework/src/Illuminate/Console/Command.php(183): Illuminate\\Container\\Container->call(Array)
#19 /home/vagrant/code/cathode/vendor/symfony/console/Command/Command.php(255): Illuminate\\Console\\Command->execute(Object(Symfony\\Component\\Console\\Input\\ArrayInput), Object(Illuminate\\Console\\OutputStyle))
#20 /home/vagrant/code/cathode/vendor/laravel/framework/src/Illuminate/Console/Command.php(170): Symfony\\Component\\Console\\Command\\Command->run(Object(Symfony\\Component\\Console\\Input\\ArrayInput), Object(Illuminate\\Console\\OutputStyle))
#21 /home/vagrant/code/cathode/vendor/laravel/framework/src/Illuminate/Console/Command.php(198): Illuminate\\Console\\Command->run(Object(Symfony\\Component\\Console\\Input\\ArrayInput), Object(Illuminate\\Console\\OutputStyle))
#22 /home/vagrant/code/cathode/vendor/laravel/framework/src/Illuminate/Database/Console/Migrations/FreshCommand.php(61): Illuminate\\Console\\Command->call('migrate', Array)
#23 [internal function]: Illuminate\\Database\\Console\\Migrations\\FreshCommand->handle()
#24 /home/vagrant/code/cathode/vendor/laravel/framework/src/Illuminate/Container/BoundMethod.php(32): call_user_func_array(Array, Array)
#25 /home/vagrant/code/cathode/vendor/laravel/framework/src/Illuminate/Container/BoundMethod.php(90): Illuminate\\Container\\BoundMethod::Illuminate\\Container\\{closure}()
#26 /home/vagrant/code/cathode/vendor/laravel/framework/src/Illuminate/Container/BoundMethod.php(34): Illuminate\\Container\\BoundMethod::callBoundMethod(Object(Illuminate\\Foundation\\Application), Array, Object(Closure))
#27 /home/vagrant/code/cathode/vendor/laravel/framework/src/Illuminate/Container/Container.php(576): Illuminate\\Container\\BoundMethod::call(Object(Illuminate\\Foundation\\Application), Array, Array, NULL)
#28 /home/vagrant/code/cathode/vendor/laravel/framework/src/Illuminate/Console/Command.php(183): Illuminate\\Container\\Container->call(Array)
#29 /home/vagrant/code/cathode/vendor/symfony/console/Command/Command.php(255): Illuminate\\Console\\Command->execute(Object(Symfony\\Component\\Console\\Input\\ArgvInput), Object(Illuminate\\Console\\OutputStyle))
#30 /home/vagrant/code/cathode/vendor/laravel/framework/src/Illuminate/Console/Command.php(170): Symfony\\Component\\Console\\Command\\Command->run(Object(Symfony\\Component\\Console\\Input\\ArgvInput), Object(Illuminate\\Console\\OutputStyle))
#31 /home/vagrant/code/cathode/vendor/symfony/console/Application.php(908): Illuminate\\Console\\Command->run(Object(Symfony\\Component\\Console\\Input\\ArgvInput), Object(Symfony\\Component\\Console\\Output\\ConsoleOutput))
#32 /home/vagrant/code/cathode/vendor/symfony/console/Application.php(269): Symfony\\Component\\Console\\Application->doRunCommand(Object(Illuminate\\Database\\Console\\Migrations\\FreshCommand), Object(Symfony\\Component\\Console\\Input\\ArgvInput), Object(Symfony\\Component\\Console\\Output\\ConsoleOutput))
#33 /home/vagrant/code/cathode/vendor/symfony/console/Application.php(145): Symfony\\Component\\Console\\Application->doRun(Object(Symfony\\Component\\Console\\Input\\ArgvInput), Object(Symfony\\Component\\Console\\Output\\ConsoleOutput))
#34 /home/vagrant/code/cathode/vendor/laravel/framework/src/Illuminate/Console/Application.php(90): Symfony\\Component\\Console\\Application->run(Object(Symfony\\Component\\Console\\Input\\ArgvInput), Object(Symfony\\Component\\Console\\Output\\ConsoleOutput))
#35 /home/vagrant/code/cathode/vendor/laravel/framework/src/Illuminate/Foundation/Console/Kernel.php(133): Illuminate\\Console\\Application->run(Object(Symfony\\Component\\Console\\Input\\ArgvInput), Object(Symfony\\Component\\Console\\Output\\ConsoleOutput))
#36 /home/vagrant/code/cathode/artisan(37): Illuminate\\Foundation\\Console\\Kernel->handle(Object(Symfony\\Component\\Console\\Input\\ArgvInput), Object(Symfony\\Component\\Console\\Output\\ConsoleOutput))
#37 {main}
"} 
[2019-06-18 20:49:57] local.ERROR: SQLSTATE[HY000]: General error: 1215 Cannot add foreign key constraint (SQL: alter table `projects` add constraint `projects_owner_id_foreign` foreign key (`owner_id`) references `users` (`id`) on delete cascade) {"exception":"[object] (Illuminate\\Database\\QueryException(code: HY000): SQLSTATE[HY000]: General error: 1215 Cannot add foreign key constraint (SQL: alter table `projects` add constraint `projects_owner_id_foreign` foreign key (`owner_id`) references `users` (`id`) on delete cascade) at /home/vagrant/code/cathode/vendor/laravel/framework/src/Illuminate/Database/Connection.php:664, PDOException(code: HY000): SQLSTATE[HY000]: General error: 1215 Cannot add foreign key constraint at /home/vagrant/code/cathode/vendor/laravel/framework/src/Illuminate/Database/Connection.php:458)
[stacktrace]
#0 /home/vagrant/code/cathode/vendor/laravel/framework/src/Illuminate/Database/Connection.php(624): Illuminate\\Database\\Connection->runQueryCallback('alter table `pr...', Array, Object(Closure))
#1 /home/vagrant/code/cathode/vendor/laravel/framework/src/Illuminate/Database/Connection.php(459): Illuminate\\Database\\Connection->run('alter table `pr...', Array, Object(Closure))
#2 /home/vagrant/code/cathode/vendor/laravel/framework/src/Illuminate/Database/Schema/Blueprint.php(97): Illuminate\\Database\\Connection->statement('alter table `pr...')
#3 /home/vagrant/code/cathode/vendor/laravel/framework/src/Illuminate/Database/Schema/Builder.php(278): Illuminate\\Database\\Schema\\Blueprint->build(Object(Illuminate\\Database\\MySqlConnection), Object(Illuminate\\Database\\Schema\\Grammars\\MySqlGrammar))
#4 /home/vagrant/code/cathode/vendor/laravel/framework/src/Illuminate/Database/Schema/Builder.php(167): Illuminate\\Database\\Schema\\Builder->build(Object(Illuminate\\Database\\Schema\\Blueprint))
#5 /home/vagrant/code/cathode/vendor/laravel/framework/src/Illuminate/Support/Facades/Facade.php(237): Illuminate\\Database\\Schema\\Builder->create('projects', Object(Closure))
#6 /home/vagrant/code/cathode/database/migrations/2019_05_27_174523_create_projects_table.php(23): Illuminate\\Support\\Facades\\Facade::__callStatic('create', Array)
#7 /home/vagrant/code/cathode/vendor/laravel/framework/src/Illuminate/Database/Migrations/Migrator.php(385): CreateProjectsTable->up()
#8 /home/vagrant/code/cathode/vendor/laravel/framework/src/Illuminate/Database/Migrations/Migrator.php(394): Illuminate\\Database\\Migrations\\Migrator->Illuminate\\Database\\Migrations\\{closure}()
#9 /home/vagrant/code/cathode/vendor/laravel/framework/src/Illuminate/Database/Migrations/Migrator.php(197): Illuminate\\Database\\Migrations\\Migrator->runMigration(Object(CreateProjectsTable), 'up')
#10 /home/vagrant/code/cathode/vendor/laravel/framework/src/Illuminate/Database/Migrations/Migrator.php(164): Illuminate\\Database\\Migrations\\Migrator->runUp('/home/vagrant/c...', 1, false)
#11 /home/vagrant/code/cathode/vendor/laravel/framework/src/Illuminate/Database/Migrations/Migrator.php(111): Illuminate\\Database\\Migrations\\Migrator->runPending(Array, Array)
#12 /home/vagrant/code/cathode/vendor/laravel/framework/src/Illuminate/Database/Console/Migrations/MigrateCommand.php(71): Illuminate\\Database\\Migrations\\Migrator->run(Array, Array)
#13 [internal function]: Illuminate\\Database\\Console\\Migrations\\MigrateCommand->handle()
#14 /home/vagrant/code/cathode/vendor/laravel/framework/src/Illuminate/Container/BoundMethod.php(32): call_user_func_array(Array, Array)
#15 /home/vagrant/code/cathode/vendor/laravel/framework/src/Illuminate/Container/BoundMethod.php(90): Illuminate\\Container\\BoundMethod::Illuminate\\Container\\{closure}()
#16 /home/vagrant/code/cathode/vendor/laravel/framework/src/Illuminate/Container/BoundMethod.php(34): Illuminate\\Container\\BoundMethod::callBoundMethod(Object(Illuminate\\Foundation\\Application), Array, Object(Closure))
#17 /home/vagrant/code/cathode/vendor/laravel/framework/src/Illuminate/Container/Container.php(576): Illuminate\\Container\\BoundMethod::call(Object(Illuminate\\Foundation\\Application), Array, Array, NULL)
#18 /home/vagrant/code/cathode/vendor/laravel/framework/src/Illuminate/Console/Command.php(183): Illuminate\\Container\\Container->call(Array)
#19 /home/vagrant/code/cathode/vendor/symfony/console/Command/Command.php(255): Illuminate\\Console\\Command->execute(Object(Symfony\\Component\\Console\\Input\\ArrayInput), Object(Illuminate\\Console\\OutputStyle))
#20 /home/vagrant/code/cathode/vendor/laravel/framework/src/Illuminate/Console/Command.php(170): Symfony\\Component\\Console\\Command\\Command->run(Object(Symfony\\Component\\Console\\Input\\ArrayInput), Object(Illuminate\\Console\\OutputStyle))
#21 /home/vagrant/code/cathode/vendor/laravel/framework/src/Illuminate/Console/Command.php(198): Illuminate\\Console\\Command->run(Object(Symfony\\Component\\Console\\Input\\ArrayInput), Object(Illuminate\\Console\\OutputStyle))
#22 /home/vagrant/code/cathode/vendor/laravel/framework/src/Illuminate/Database/Console/Migrations/FreshCommand.php(61): Illuminate\\Console\\Command->call('migrate', Array)
#23 [internal function]: Illuminate\\Database\\Console\\Migrations\\FreshCommand->handle()
#24 /home/vagrant/code/cathode/vendor/laravel/framework/src/Illuminate/Container/BoundMethod.php(32): call_user_func_array(Array, Array)
#25 /home/vagrant/code/cathode/vendor/laravel/framework/src/Illuminate/Container/BoundMethod.php(90): Illuminate\\Container\\BoundMethod::Illuminate\\Container\\{closure}()
#26 /home/vagrant/code/cathode/vendor/laravel/framework/src/Illuminate/Container/BoundMethod.php(34): Illuminate\\Container\\BoundMethod::callBoundMethod(Object(Illuminate\\Foundation\\Application), Array, Object(Closure))
#27 /home/vagrant/code/cathode/vendor/laravel/framework/src/Illuminate/Container/Container.php(576): Illuminate\\Container\\BoundMethod::call(Object(Illuminate\\Foundation\\Application), Array, Array, NULL)
#28 /home/vagrant/code/cathode/vendor/laravel/framework/src/Illuminate/Console/Command.php(183): Illuminate\\Container\\Container->call(Array)
#29 /home/vagrant/code/cathode/vendor/symfony/console/Command/Command.php(255): Illuminate\\Console\\Command->execute(Object(Symfony\\Component\\Console\\Input\\ArgvInput), Object(Illuminate\\Console\\OutputStyle))
#30 /home/vagrant/code/cathode/vendor/laravel/framework/src/Illuminate/Console/Command.php(170): Symfony\\Component\\Console\\Command\\Command->run(Object(Symfony\\Component\\Console\\Input\\ArgvInput), Object(Illuminate\\Console\\OutputStyle))
#31 /home/vagrant/code/cathode/vendor/symfony/console/Application.php(908): Illuminate\\Console\\Command->run(Object(Symfony\\Component\\Console\\Input\\ArgvInput), Object(Symfony\\Component\\Console\\Output\\ConsoleOutput))
#32 /home/vagrant/code/cathode/vendor/symfony/console/Application.php(269): Symfony\\Component\\Console\\Application->doRunCommand(Object(Illuminate\\Database\\Console\\Migrations\\FreshCommand), Object(Symfony\\Component\\Console\\Input\\ArgvInput), Object(Symfony\\Component\\Console\\Output\\ConsoleOutput))
#33 /home/vagrant/code/cathode/vendor/symfony/console/Application.php(145): Symfony\\Component\\Console\\Application->doRun(Object(Symfony\\Component\\Console\\Input\\ArgvInput), Object(Symfony\\Component\\Console\\Output\\ConsoleOutput))
#34 /home/vagrant/code/cathode/vendor/laravel/framework/src/Illuminate/Console/Application.php(90): Symfony\\Component\\Console\\Application->run(Object(Symfony\\Component\\Console\\Input\\ArgvInput), Object(Symfony\\Component\\Console\\Output\\ConsoleOutput))
#35 /home/vagrant/code/cathode/vendor/laravel/framework/src/Illuminate/Foundation/Console/Kernel.php(133): Illuminate\\Console\\Application->run(Object(Symfony\\Component\\Console\\Input\\ArgvInput), Object(Symfony\\Component\\Console\\Output\\ConsoleOutput))
#36 /home/vagrant/code/cathode/artisan(37): Illuminate\\Foundation\\Console\\Kernel->handle(Object(Symfony\\Component\\Console\\Input\\ArgvInput), Object(Symfony\\Component\\Console\\Output\\ConsoleOutput))
#37 {main}
"} 
[2019-06-18 20:50:49] local.ERROR: SQLSTATE[HY000]: General error: 1215 Cannot add foreign key constraint (SQL: alter table `projects` add constraint `projects_owner_id_foreign` foreign key (`owner_id`) references `users` (`id`) on delete cascade) {"exception":"[object] (Illuminate\\Database\\QueryException(code: HY000): SQLSTATE[HY000]: General error: 1215 Cannot add foreign key constraint (SQL: alter table `projects` add constraint `projects_owner_id_foreign` foreign key (`owner_id`) references `users` (`id`) on delete cascade) at /home/vagrant/code/cathode/vendor/laravel/framework/src/Illuminate/Database/Connection.php:664, PDOException(code: HY000): SQLSTATE[HY000]: General error: 1215 Cannot add foreign key constraint at /home/vagrant/code/cathode/vendor/laravel/framework/src/Illuminate/Database/Connection.php:458)
[stacktrace]
#0 /home/vagrant/code/cathode/vendor/laravel/framework/src/Illuminate/Database/Connection.php(624): Illuminate\\Database\\Connection->runQueryCallback('alter table `pr...', Array, Object(Closure))
#1 /home/vagrant/code/cathode/vendor/laravel/framework/src/Illuminate/Database/Connection.php(459): Illuminate\\Database\\Connection->run('alter table `pr...', Array, Object(Closure))
#2 /home/vagrant/code/cathode/vendor/laravel/framework/src/Illuminate/Database/Schema/Blueprint.php(97): Illuminate\\Database\\Connection->statement('alter table `pr...')
#3 /home/vagrant/code/cathode/vendor/laravel/framework/src/Illuminate/Database/Schema/Builder.php(278): Illuminate\\Database\\Schema\\Blueprint->build(Object(Illuminate\\Database\\MySqlConnection), Object(Illuminate\\Database\\Schema\\Grammars\\MySqlGrammar))
#4 /home/vagrant/code/cathode/vendor/laravel/framework/src/Illuminate/Database/Schema/Builder.php(167): Illuminate\\Database\\Schema\\Builder->build(Object(Illuminate\\Database\\Schema\\Blueprint))
#5 /home/vagrant/code/cathode/vendor/laravel/framework/src/Illuminate/Support/Facades/Facade.php(237): Illuminate\\Database\\Schema\\Builder->create('projects', Object(Closure))
#6 /home/vagrant/code/cathode/database/migrations/2019_05_27_174523_create_projects_table.php(23): Illuminate\\Support\\Facades\\Facade::__callStatic('create', Array)
#7 /home/vagrant/code/cathode/vendor/laravel/framework/src/Illuminate/Database/Migrations/Migrator.php(385): CreateProjectsTable->up()
#8 /home/vagrant/code/cathode/vendor/laravel/framework/src/Illuminate/Database/Migrations/Migrator.php(394): Illuminate\\Database\\Migrations\\Migrator->Illuminate\\Database\\Migrations\\{closure}()
#9 /home/vagrant/code/cathode/vendor/laravel/framework/src/Illuminate/Database/Migrations/Migrator.php(197): Illuminate\\Database\\Migrations\\Migrator->runMigration(Object(CreateProjectsTable), 'up')
#10 /home/vagrant/code/cathode/vendor/laravel/framework/src/Illuminate/Database/Migrations/Migrator.php(164): Illuminate\\Database\\Migrations\\Migrator->runUp('/home/vagrant/c...', 1, false)
#11 /home/vagrant/code/cathode/vendor/laravel/framework/src/Illuminate/Database/Migrations/Migrator.php(111): Illuminate\\Database\\Migrations\\Migrator->runPending(Array, Array)
#12 /home/vagrant/code/cathode/vendor/laravel/framework/src/Illuminate/Database/Console/Migrations/MigrateCommand.php(71): Illuminate\\Database\\Migrations\\Migrator->run(Array, Array)
#13 [internal function]: Illuminate\\Database\\Console\\Migrations\\MigrateCommand->handle()
#14 /home/vagrant/code/cathode/vendor/laravel/framework/src/Illuminate/Container/BoundMethod.php(32): call_user_func_array(Array, Array)
#15 /home/vagrant/code/cathode/vendor/laravel/framework/src/Illuminate/Container/BoundMethod.php(90): Illuminate\\Container\\BoundMethod::Illuminate\\Container\\{closure}()
#16 /home/vagrant/code/cathode/vendor/laravel/framework/src/Illuminate/Container/BoundMethod.php(34): Illuminate\\Container\\BoundMethod::callBoundMethod(Object(Illuminate\\Foundation\\Application), Array, Object(Closure))
#17 /home/vagrant/code/cathode/vendor/laravel/framework/src/Illuminate/Container/Container.php(576): Illuminate\\Container\\BoundMethod::call(Object(Illuminate\\Foundation\\Application), Array, Array, NULL)
#18 /home/vagrant/code/cathode/vendor/laravel/framework/src/Illuminate/Console/Command.php(183): Illuminate\\Container\\Container->call(Array)
#19 /home/vagrant/code/cathode/vendor/symfony/console/Command/Command.php(255): Illuminate\\Console\\Command->execute(Object(Symfony\\Component\\Console\\Input\\ArrayInput), Object(Illuminate\\Console\\OutputStyle))
#20 /home/vagrant/code/cathode/vendor/laravel/framework/src/Illuminate/Console/Command.php(170): Symfony\\Component\\Console\\Command\\Command->run(Object(Symfony\\Component\\Console\\Input\\ArrayInput), Object(Illuminate\\Console\\OutputStyle))
#21 /home/vagrant/code/cathode/vendor/laravel/framework/src/Illuminate/Console/Command.php(198): Illuminate\\Console\\Command->run(Object(Symfony\\Component\\Console\\Input\\ArrayInput), Object(Illuminate\\Console\\OutputStyle))
#22 /home/vagrant/code/cathode/vendor/laravel/framework/src/Illuminate/Database/Console/Migrations/FreshCommand.php(61): Illuminate\\Console\\Command->call('migrate', Array)
#23 [internal function]: Illuminate\\Database\\Console\\Migrations\\FreshCommand->handle()
#24 /home/vagrant/code/cathode/vendor/laravel/framework/src/Illuminate/Container/BoundMethod.php(32): call_user_func_array(Array, Array)
#25 /home/vagrant/code/cathode/vendor/laravel/framework/src/Illuminate/Container/BoundMethod.php(90): Illuminate\\Container\\BoundMethod::Illuminate\\Container\\{closure}()
#26 /home/vagrant/code/cathode/vendor/laravel/framework/src/Illuminate/Container/BoundMethod.php(34): Illuminate\\Container\\BoundMethod::callBoundMethod(Object(Illuminate\\Foundation\\Application), Array, Object(Closure))
#27 /home/vagrant/code/cathode/vendor/laravel/framework/src/Illuminate/Container/Container.php(576): Illuminate\\Container\\BoundMethod::call(Object(Illuminate\\Foundation\\Application), Array, Array, NULL)
#28 /home/vagrant/code/cathode/vendor/laravel/framework/src/Illuminate/Console/Command.php(183): Illuminate\\Container\\Container->call(Array)
#29 /home/vagrant/code/cathode/vendor/symfony/console/Command/Command.php(255): Illuminate\\Console\\Command->execute(Object(Symfony\\Component\\Console\\Input\\ArgvInput), Object(Illuminate\\Console\\OutputStyle))
#30 /home/vagrant/code/cathode/vendor/laravel/framework/src/Illuminate/Console/Command.php(170): Symfony\\Component\\Console\\Command\\Command->run(Object(Symfony\\Component\\Console\\Input\\ArgvInput), Object(Illuminate\\Console\\OutputStyle))
#31 /home/vagrant/code/cathode/vendor/symfony/console/Application.php(908): Illuminate\\Console\\Command->run(Object(Symfony\\Component\\Console\\Input\\ArgvInput), Object(Symfony\\Component\\Console\\Output\\ConsoleOutput))
#32 /home/vagrant/code/cathode/vendor/symfony/console/Application.php(269): Symfony\\Component\\Console\\Application->doRunCommand(Object(Illuminate\\Database\\Console\\Migrations\\FreshCommand), Object(Symfony\\Component\\Console\\Input\\ArgvInput), Object(Symfony\\Component\\Console\\Output\\ConsoleOutput))
#33 /home/vagrant/code/cathode/vendor/symfony/console/Application.php(145): Symfony\\Component\\Console\\Application->doRun(Object(Symfony\\Component\\Console\\Input\\ArgvInput), Object(Symfony\\Component\\Console\\Output\\ConsoleOutput))
#34 /home/vagrant/code/cathode/vendor/laravel/framework/src/Illuminate/Console/Application.php(90): Symfony\\Component\\Console\\Application->run(Object(Symfony\\Component\\Console\\Input\\ArgvInput), Object(Symfony\\Component\\Console\\Output\\ConsoleOutput))
#35 /home/vagrant/code/cathode/vendor/laravel/framework/src/Illuminate/Foundation/Console/Kernel.php(133): Illuminate\\Console\\Application->run(Object(Symfony\\Component\\Console\\Input\\ArgvInput), Object(Symfony\\Component\\Console\\Output\\ConsoleOutput))
#36 /home/vagrant/code/cathode/artisan(37): Illuminate\\Foundation\\Console\\Kernel->handle(Object(Symfony\\Component\\Console\\Input\\ArgvInput), Object(Symfony\\Component\\Console\\Output\\ConsoleOutput))
#37 {main}
"} 
[2019-06-18 20:52:41] local.ERROR: SQLSTATE[42000]: Syntax error or access violation: 1075 Incorrect table definition; there can be only one auto column and it must be defined as a key (SQL: create table `projects` (`id` bigint unsigned not null auto_increment primary key, `owner_id` bigint unsigned not null auto_increment primary key, `title` varchar(255) not null, `description` text not null, `created_at` timestamp null, `updated_at` timestamp null) default character set utf8mb4 collate 'utf8mb4_unicode_ci') {"exception":"[object] (Illuminate\\Database\\QueryException(code: 42000): SQLSTATE[42000]: Syntax error or access violation: 1075 Incorrect table definition; there can be only one auto column and it must be defined as a key (SQL: create table `projects` (`id` bigint unsigned not null auto_increment primary key, `owner_id` bigint unsigned not null auto_increment primary key, `title` varchar(255) not null, `description` text not null, `created_at` timestamp null, `updated_at` timestamp null) default character set utf8mb4 collate 'utf8mb4_unicode_ci') at /home/vagrant/code/cathode/vendor/laravel/framework/src/Illuminate/Database/Connection.php:664, PDOException(code: 42000): SQLSTATE[42000]: Syntax error or access violation: 1075 Incorrect table definition; there can be only one auto column and it must be defined as a key at /home/vagrant/code/cathode/vendor/laravel/framework/src/Illuminate/Database/Connection.php:458)
[stacktrace]
#0 /home/vagrant/code/cathode/vendor/laravel/framework/src/Illuminate/Database/Connection.php(624): Illuminate\\Database\\Connection->runQueryCallback('create table `p...', Array, Object(Closure))
#1 /home/vagrant/code/cathode/vendor/laravel/framework/src/Illuminate/Database/Connection.php(459): Illuminate\\Database\\Connection->run('create table `p...', Array, Object(Closure))
#2 /home/vagrant/code/cathode/vendor/laravel/framework/src/Illuminate/Database/Schema/Blueprint.php(97): Illuminate\\Database\\Connection->statement('create table `p...')
#3 /home/vagrant/code/cathode/vendor/laravel/framework/src/Illuminate/Database/Schema/Builder.php(278): Illuminate\\Database\\Schema\\Blueprint->build(Object(Illuminate\\Database\\MySqlConnection), Object(Illuminate\\Database\\Schema\\Grammars\\MySqlGrammar))
#4 /home/vagrant/code/cathode/vendor/laravel/framework/src/Illuminate/Database/Schema/Builder.php(167): Illuminate\\Database\\Schema\\Builder->build(Object(Illuminate\\Database\\Schema\\Blueprint))
#5 /home/vagrant/code/cathode/vendor/laravel/framework/src/Illuminate/Support/Facades/Facade.php(237): Illuminate\\Database\\Schema\\Builder->create('projects', Object(Closure))
#6 /home/vagrant/code/cathode/database/migrations/2019_05_27_174523_create_projects_table.php(23): Illuminate\\Support\\Facades\\Facade::__callStatic('create', Array)
#7 /home/vagrant/code/cathode/vendor/laravel/framework/src/Illuminate/Database/Migrations/Migrator.php(385): CreateProjectsTable->up()
#8 /home/vagrant/code/cathode/vendor/laravel/framework/src/Illuminate/Database/Migrations/Migrator.php(394): Illuminate\\Database\\Migrations\\Migrator->Illuminate\\Database\\Migrations\\{closure}()
#9 /home/vagrant/code/cathode/vendor/laravel/framework/src/Illuminate/Database/Migrations/Migrator.php(197): Illuminate\\Database\\Migrations\\Migrator->runMigration(Object(CreateProjectsTable), 'up')
#10 /home/vagrant/code/cathode/vendor/laravel/framework/src/Illuminate/Database/Migrations/Migrator.php(164): Illuminate\\Database\\Migrations\\Migrator->runUp('/home/vagrant/c...', 1, false)
#11 /home/vagrant/code/cathode/vendor/laravel/framework/src/Illuminate/Database/Migrations/Migrator.php(111): Illuminate\\Database\\Migrations\\Migrator->runPending(Array, Array)
#12 /home/vagrant/code/cathode/vendor/laravel/framework/src/Illuminate/Database/Console/Migrations/MigrateCommand.php(71): Illuminate\\Database\\Migrations\\Migrator->run(Array, Array)
#13 [internal function]: Illuminate\\Database\\Console\\Migrations\\MigrateCommand->handle()
#14 /home/vagrant/code/cathode/vendor/laravel/framework/src/Illuminate/Container/BoundMethod.php(32): call_user_func_array(Array, Array)
#15 /home/vagrant/code/cathode/vendor/laravel/framework/src/Illuminate/Container/BoundMethod.php(90): Illuminate\\Container\\BoundMethod::Illuminate\\Container\\{closure}()
#16 /home/vagrant/code/cathode/vendor/laravel/framework/src/Illuminate/Container/BoundMethod.php(34): Illuminate\\Container\\BoundMethod::callBoundMethod(Object(Illuminate\\Foundation\\Application), Array, Object(Closure))
#17 /home/vagrant/code/cathode/vendor/laravel/framework/src/Illuminate/Container/Container.php(576): Illuminate\\Container\\BoundMethod::call(Object(Illuminate\\Foundation\\Application), Array, Array, NULL)
#18 /home/vagrant/code/cathode/vendor/laravel/framework/src/Illuminate/Console/Command.php(183): Illuminate\\Container\\Container->call(Array)
#19 /home/vagrant/code/cathode/vendor/symfony/console/Command/Command.php(255): Illuminate\\Console\\Command->execute(Object(Symfony\\Component\\Console\\Input\\ArrayInput), Object(Illuminate\\Console\\OutputStyle))
#20 /home/vagrant/code/cathode/vendor/laravel/framework/src/Illuminate/Console/Command.php(170): Symfony\\Component\\Console\\Command\\Command->run(Object(Symfony\\Component\\Console\\Input\\ArrayInput), Object(Illuminate\\Console\\OutputStyle))
#21 /home/vagrant/code/cathode/vendor/laravel/framework/src/Illuminate/Console/Command.php(198): Illuminate\\Console\\Command->run(Object(Symfony\\Component\\Console\\Input\\ArrayInput), Object(Illuminate\\Console\\OutputStyle))
#22 /home/vagrant/code/cathode/vendor/laravel/framework/src/Illuminate/Database/Console/Migrations/FreshCommand.php(61): Illuminate\\Console\\Command->call('migrate', Array)
#23 [internal function]: Illuminate\\Database\\Console\\Migrations\\FreshCommand->handle()
#24 /home/vagrant/code/cathode/vendor/laravel/framework/src/Illuminate/Container/BoundMethod.php(32): call_user_func_array(Array, Array)
#25 /home/vagrant/code/cathode/vendor/laravel/framework/src/Illuminate/Container/BoundMethod.php(90): Illuminate\\Container\\BoundMethod::Illuminate\\Container\\{closure}()
#26 /home/vagrant/code/cathode/vendor/laravel/framework/src/Illuminate/Container/BoundMethod.php(34): Illuminate\\Container\\BoundMethod::callBoundMethod(Object(Illuminate\\Foundation\\Application), Array, Object(Closure))
#27 /home/vagrant/code/cathode/vendor/laravel/framework/src/Illuminate/Container/Container.php(576): Illuminate\\Container\\BoundMethod::call(Object(Illuminate\\Foundation\\Application), Array, Array, NULL)
#28 /home/vagrant/code/cathode/vendor/laravel/framework/src/Illuminate/Console/Command.php(183): Illuminate\\Container\\Container->call(Array)
#29 /home/vagrant/code/cathode/vendor/symfony/console/Command/Command.php(255): Illuminate\\Console\\Command->execute(Object(Symfony\\Component\\Console\\Input\\ArgvInput), Object(Illuminate\\Console\\OutputStyle))
#30 /home/vagrant/code/cathode/vendor/laravel/framework/src/Illuminate/Console/Command.php(170): Symfony\\Component\\Console\\Command\\Command->run(Object(Symfony\\Component\\Console\\Input\\ArgvInput), Object(Illuminate\\Console\\OutputStyle))
#31 /home/vagrant/code/cathode/vendor/symfony/console/Application.php(908): Illuminate\\Console\\Command->run(Object(Symfony\\Component\\Console\\Input\\ArgvInput), Object(Symfony\\Component\\Console\\Output\\ConsoleOutput))
#32 /home/vagrant/code/cathode/vendor/symfony/console/Application.php(269): Symfony\\Component\\Console\\Application->doRunCommand(Object(Illuminate\\Database\\Console\\Migrations\\FreshCommand), Object(Symfony\\Component\\Console\\Input\\ArgvInput), Object(Symfony\\Component\\Console\\Output\\ConsoleOutput))
#33 /home/vagrant/code/cathode/vendor/symfony/console/Application.php(145): Symfony\\Component\\Console\\Application->doRun(Object(Symfony\\Component\\Console\\Input\\ArgvInput), Object(Symfony\\Component\\Console\\Output\\ConsoleOutput))
#34 /home/vagrant/code/cathode/vendor/laravel/framework/src/Illuminate/Console/Application.php(90): Symfony\\Component\\Console\\Application->run(Object(Symfony\\Component\\Console\\Input\\ArgvInput), Object(Symfony\\Component\\Console\\Output\\ConsoleOutput))
#35 /home/vagrant/code/cathode/vendor/laravel/framework/src/Illuminate/Foundation/Console/Kernel.php(133): Illuminate\\Console\\Application->run(Object(Symfony\\Component\\Console\\Input\\ArgvInput), Object(Symfony\\Component\\Console\\Output\\ConsoleOutput))
#36 /home/vagrant/code/cathode/artisan(37): Illuminate\\Foundation\\Console\\Kernel->handle(Object(Symfony\\Component\\Console\\Input\\ArgvInput), Object(Symfony\\Component\\Console\\Output\\ConsoleOutput))
#37 {main}
"} 
[2019-06-18 20:53:22] local.ERROR: SQLSTATE[42000]: Syntax error or access violation: 1075 Incorrect table definition; there can be only one auto column and it must be defined as a key (SQL: create table `projects` (`id` bigint unsigned not null auto_increment primary key, `owner_id` bigint unsigned not null auto_increment primary key, `title` varchar(255) not null, `description` text not null, `created_at` timestamp null, `updated_at` timestamp null) default character set utf8mb4 collate 'utf8mb4_unicode_ci') {"exception":"[object] (Illuminate\\Database\\QueryException(code: 42000): SQLSTATE[42000]: Syntax error or access violation: 1075 Incorrect table definition; there can be only one auto column and it must be defined as a key (SQL: create table `projects` (`id` bigint unsigned not null auto_increment primary key, `owner_id` bigint unsigned not null auto_increment primary key, `title` varchar(255) not null, `description` text not null, `created_at` timestamp null, `updated_at` timestamp null) default character set utf8mb4 collate 'utf8mb4_unicode_ci') at /home/vagrant/code/cathode/vendor/laravel/framework/src/Illuminate/Database/Connection.php:664, PDOException(code: 42000): SQLSTATE[42000]: Syntax error or access violation: 1075 Incorrect table definition; there can be only one auto column and it must be defined as a key at /home/vagrant/code/cathode/vendor/laravel/framework/src/Illuminate/Database/Connection.php:458)
[stacktrace]
#0 /home/vagrant/code/cathode/vendor/laravel/framework/src/Illuminate/Database/Connection.php(624): Illuminate\\Database\\Connection->runQueryCallback('create table `p...', Array, Object(Closure))
#1 /home/vagrant/code/cathode/vendor/laravel/framework/src/Illuminate/Database/Connection.php(459): Illuminate\\Database\\Connection->run('create table `p...', Array, Object(Closure))
#2 /home/vagrant/code/cathode/vendor/laravel/framework/src/Illuminate/Database/Schema/Blueprint.php(97): Illuminate\\Database\\Connection->statement('create table `p...')
#3 /home/vagrant/code/cathode/vendor/laravel/framework/src/Illuminate/Database/Schema/Builder.php(278): Illuminate\\Database\\Schema\\Blueprint->build(Object(Illuminate\\Database\\MySqlConnection), Object(Illuminate\\Database\\Schema\\Grammars\\MySqlGrammar))
#4 /home/vagrant/code/cathode/vendor/laravel/framework/src/Illuminate/Database/Schema/Builder.php(167): Illuminate\\Database\\Schema\\Builder->build(Object(Illuminate\\Database\\Schema\\Blueprint))
#5 /home/vagrant/code/cathode/vendor/laravel/framework/src/Illuminate/Support/Facades/Facade.php(237): Illuminate\\Database\\Schema\\Builder->create('projects', Object(Closure))
#6 /home/vagrant/code/cathode/database/migrations/2019_05_27_174523_create_projects_table.php(23): Illuminate\\Support\\Facades\\Facade::__callStatic('create', Array)
#7 /home/vagrant/code/cathode/vendor/laravel/framework/src/Illuminate/Database/Migrations/Migrator.php(385): CreateProjectsTable->up()
#8 /home/vagrant/code/cathode/vendor/laravel/framework/src/Illuminate/Database/Migrations/Migrator.php(394): Illuminate\\Database\\Migrations\\Migrator->Illuminate\\Database\\Migrations\\{closure}()
#9 /home/vagrant/code/cathode/vendor/laravel/framework/src/Illuminate/Database/Migrations/Migrator.php(197): Illuminate\\Database\\Migrations\\Migrator->runMigration(Object(CreateProjectsTable), 'up')
#10 /home/vagrant/code/cathode/vendor/laravel/framework/src/Illuminate/Database/Migrations/Migrator.php(164): Illuminate\\Database\\Migrations\\Migrator->runUp('/home/vagrant/c...', 1, false)
#11 /home/vagrant/code/cathode/vendor/laravel/framework/src/Illuminate/Database/Migrations/Migrator.php(111): Illuminate\\Database\\Migrations\\Migrator->runPending(Array, Array)
#12 /home/vagrant/code/cathode/vendor/laravel/framework/src/Illuminate/Database/Console/Migrations/MigrateCommand.php(71): Illuminate\\Database\\Migrations\\Migrator->run(Array, Array)
#13 [internal function]: Illuminate\\Database\\Console\\Migrations\\MigrateCommand->handle()
#14 /home/vagrant/code/cathode/vendor/laravel/framework/src/Illuminate/Container/BoundMethod.php(32): call_user_func_array(Array, Array)
#15 /home/vagrant/code/cathode/vendor/laravel/framework/src/Illuminate/Container/BoundMethod.php(90): Illuminate\\Container\\BoundMethod::Illuminate\\Container\\{closure}()
#16 /home/vagrant/code/cathode/vendor/laravel/framework/src/Illuminate/Container/BoundMethod.php(34): Illuminate\\Container\\BoundMethod::callBoundMethod(Object(Illuminate\\Foundation\\Application), Array, Object(Closure))
#17 /home/vagrant/code/cathode/vendor/laravel/framework/src/Illuminate/Container/Container.php(576): Illuminate\\Container\\BoundMethod::call(Object(Illuminate\\Foundation\\Application), Array, Array, NULL)
#18 /home/vagrant/code/cathode/vendor/laravel/framework/src/Illuminate/Console/Command.php(183): Illuminate\\Container\\Container->call(Array)
#19 /home/vagrant/code/cathode/vendor/symfony/console/Command/Command.php(255): Illuminate\\Console\\Command->execute(Object(Symfony\\Component\\Console\\Input\\ArrayInput), Object(Illuminate\\Console\\OutputStyle))
#20 /home/vagrant/code/cathode/vendor/laravel/framework/src/Illuminate/Console/Command.php(170): Symfony\\Component\\Console\\Command\\Command->run(Object(Symfony\\Component\\Console\\Input\\ArrayInput), Object(Illuminate\\Console\\OutputStyle))
#21 /home/vagrant/code/cathode/vendor/laravel/framework/src/Illuminate/Console/Command.php(198): Illuminate\\Console\\Command->run(Object(Symfony\\Component\\Console\\Input\\ArrayInput), Object(Illuminate\\Console\\OutputStyle))
#22 /home/vagrant/code/cathode/vendor/laravel/framework/src/Illuminate/Database/Console/Migrations/FreshCommand.php(61): Illuminate\\Console\\Command->call('migrate', Array)
#23 [internal function]: Illuminate\\Database\\Console\\Migrations\\FreshCommand->handle()
#24 /home/vagrant/code/cathode/vendor/laravel/framework/src/Illuminate/Container/BoundMethod.php(32): call_user_func_array(Array, Array)
#25 /home/vagrant/code/cathode/vendor/laravel/framework/src/Illuminate/Container/BoundMethod.php(90): Illuminate\\Container\\BoundMethod::Illuminate\\Container\\{closure}()
#26 /home/vagrant/code/cathode/vendor/laravel/framework/src/Illuminate/Container/BoundMethod.php(34): Illuminate\\Container\\BoundMethod::callBoundMethod(Object(Illuminate\\Foundation\\Application), Array, Object(Closure))
#27 /home/vagrant/code/cathode/vendor/laravel/framework/src/Illuminate/Container/Container.php(576): Illuminate\\Container\\BoundMethod::call(Object(Illuminate\\Foundation\\Application), Array, Array, NULL)
#28 /home/vagrant/code/cathode/vendor/laravel/framework/src/Illuminate/Console/Command.php(183): Illuminate\\Container\\Container->call(Array)
#29 /home/vagrant/code/cathode/vendor/symfony/console/Command/Command.php(255): Illuminate\\Console\\Command->execute(Object(Symfony\\Component\\Console\\Input\\ArgvInput), Object(Illuminate\\Console\\OutputStyle))
#30 /home/vagrant/code/cathode/vendor/laravel/framework/src/Illuminate/Console/Command.php(170): Symfony\\Component\\Console\\Command\\Command->run(Object(Symfony\\Component\\Console\\Input\\ArgvInput), Object(Illuminate\\Console\\OutputStyle))
#31 /home/vagrant/code/cathode/vendor/symfony/console/Application.php(908): Illuminate\\Console\\Command->run(Object(Symfony\\Component\\Console\\Input\\ArgvInput), Object(Symfony\\Component\\Console\\Output\\ConsoleOutput))
#32 /home/vagrant/code/cathode/vendor/symfony/console/Application.php(269): Symfony\\Component\\Console\\Application->doRunCommand(Object(Illuminate\\Database\\Console\\Migrations\\FreshCommand), Object(Symfony\\Component\\Console\\Input\\ArgvInput), Object(Symfony\\Component\\Console\\Output\\ConsoleOutput))
#33 /home/vagrant/code/cathode/vendor/symfony/console/Application.php(145): Symfony\\Component\\Console\\Application->doRun(Object(Symfony\\Component\\Console\\Input\\ArgvInput), Object(Symfony\\Component\\Console\\Output\\ConsoleOutput))
#34 /home/vagrant/code/cathode/vendor/laravel/framework/src/Illuminate/Console/Application.php(90): Symfony\\Component\\Console\\Application->run(Object(Symfony\\Component\\Console\\Input\\ArgvInput), Object(Symfony\\Component\\Console\\Output\\ConsoleOutput))
#35 /home/vagrant/code/cathode/vendor/laravel/framework/src/Illuminate/Foundation/Console/Kernel.php(133): Illuminate\\Console\\Application->run(Object(Symfony\\Component\\Console\\Input\\ArgvInput), Object(Symfony\\Component\\Console\\Output\\ConsoleOutput))
#36 /home/vagrant/code/cathode/artisan(37): Illuminate\\Foundation\\Console\\Kernel->handle(Object(Symfony\\Component\\Console\\Input\\ArgvInput), Object(Symfony\\Component\\Console\\Output\\ConsoleOutput))
#37 {main}
"} 
[2019-06-18 20:55:08] local.ERROR: SQLSTATE[HY000]: General error: 1215 Cannot add foreign key constraint (SQL: alter table `projects` add constraint `projects_owner_id_foreign` foreign key (`owner_id`) references `users` (`id`) on delete cascade) {"exception":"[object] (Illuminate\\Database\\QueryException(code: HY000): SQLSTATE[HY000]: General error: 1215 Cannot add foreign key constraint (SQL: alter table `projects` add constraint `projects_owner_id_foreign` foreign key (`owner_id`) references `users` (`id`) on delete cascade) at /home/vagrant/code/cathode/vendor/laravel/framework/src/Illuminate/Database/Connection.php:664, PDOException(code: HY000): SQLSTATE[HY000]: General error: 1215 Cannot add foreign key constraint at /home/vagrant/code/cathode/vendor/laravel/framework/src/Illuminate/Database/Connection.php:458)
[stacktrace]
#0 /home/vagrant/code/cathode/vendor/laravel/framework/src/Illuminate/Database/Connection.php(624): Illuminate\\Database\\Connection->runQueryCallback('alter table `pr...', Array, Object(Closure))
#1 /home/vagrant/code/cathode/vendor/laravel/framework/src/Illuminate/Database/Connection.php(459): Illuminate\\Database\\Connection->run('alter table `pr...', Array, Object(Closure))
#2 /home/vagrant/code/cathode/vendor/laravel/framework/src/Illuminate/Database/Schema/Blueprint.php(97): Illuminate\\Database\\Connection->statement('alter table `pr...')
#3 /home/vagrant/code/cathode/vendor/laravel/framework/src/Illuminate/Database/Schema/Builder.php(278): Illuminate\\Database\\Schema\\Blueprint->build(Object(Illuminate\\Database\\MySqlConnection), Object(Illuminate\\Database\\Schema\\Grammars\\MySqlGrammar))
#4 /home/vagrant/code/cathode/vendor/laravel/framework/src/Illuminate/Database/Schema/Builder.php(167): Illuminate\\Database\\Schema\\Builder->build(Object(Illuminate\\Database\\Schema\\Blueprint))
#5 /home/vagrant/code/cathode/vendor/laravel/framework/src/Illuminate/Support/Facades/Facade.php(237): Illuminate\\Database\\Schema\\Builder->create('projects', Object(Closure))
#6 /home/vagrant/code/cathode/database/migrations/2019_05_27_174523_create_projects_table.php(23): Illuminate\\Support\\Facades\\Facade::__callStatic('create', Array)
#7 /home/vagrant/code/cathode/vendor/laravel/framework/src/Illuminate/Database/Migrations/Migrator.php(385): CreateProjectsTable->up()
#8 /home/vagrant/code/cathode/vendor/laravel/framework/src/Illuminate/Database/Migrations/Migrator.php(394): Illuminate\\Database\\Migrations\\Migrator->Illuminate\\Database\\Migrations\\{closure}()
#9 /home/vagrant/code/cathode/vendor/laravel/framework/src/Illuminate/Database/Migrations/Migrator.php(197): Illuminate\\Database\\Migrations\\Migrator->runMigration(Object(CreateProjectsTable), 'up')
#10 /home/vagrant/code/cathode/vendor/laravel/framework/src/Illuminate/Database/Migrations/Migrator.php(164): Illuminate\\Database\\Migrations\\Migrator->runUp('/home/vagrant/c...', 1, false)
#11 /home/vagrant/code/cathode/vendor/laravel/framework/src/Illuminate/Database/Migrations/Migrator.php(111): Illuminate\\Database\\Migrations\\Migrator->runPending(Array, Array)
#12 /home/vagrant/code/cathode/vendor/laravel/framework/src/Illuminate/Database/Console/Migrations/MigrateCommand.php(71): Illuminate\\Database\\Migrations\\Migrator->run(Array, Array)
#13 [internal function]: Illuminate\\Database\\Console\\Migrations\\MigrateCommand->handle()
#14 /home/vagrant/code/cathode/vendor/laravel/framework/src/Illuminate/Container/BoundMethod.php(32): call_user_func_array(Array, Array)
#15 /home/vagrant/code/cathode/vendor/laravel/framework/src/Illuminate/Container/BoundMethod.php(90): Illuminate\\Container\\BoundMethod::Illuminate\\Container\\{closure}()
#16 /home/vagrant/code/cathode/vendor/laravel/framework/src/Illuminate/Container/BoundMethod.php(34): Illuminate\\Container\\BoundMethod::callBoundMethod(Object(Illuminate\\Foundation\\Application), Array, Object(Closure))
#17 /home/vagrant/code/cathode/vendor/laravel/framework/src/Illuminate/Container/Container.php(576): Illuminate\\Container\\BoundMethod::call(Object(Illuminate\\Foundation\\Application), Array, Array, NULL)
#18 /home/vagrant/code/cathode/vendor/laravel/framework/src/Illuminate/Console/Command.php(183): Illuminate\\Container\\Container->call(Array)
#19 /home/vagrant/code/cathode/vendor/symfony/console/Command/Command.php(255): Illuminate\\Console\\Command->execute(Object(Symfony\\Component\\Console\\Input\\ArrayInput), Object(Illuminate\\Console\\OutputStyle))
#20 /home/vagrant/code/cathode/vendor/laravel/framework/src/Illuminate/Console/Command.php(170): Symfony\\Component\\Console\\Command\\Command->run(Object(Symfony\\Component\\Console\\Input\\ArrayInput), Object(Illuminate\\Console\\OutputStyle))
#21 /home/vagrant/code/cathode/vendor/laravel/framework/src/Illuminate/Console/Command.php(198): Illuminate\\Console\\Command->run(Object(Symfony\\Component\\Console\\Input\\ArrayInput), Object(Illuminate\\Console\\OutputStyle))
#22 /home/vagrant/code/cathode/vendor/laravel/framework/src/Illuminate/Database/Console/Migrations/FreshCommand.php(61): Illuminate\\Console\\Command->call('migrate', Array)
#23 [internal function]: Illuminate\\Database\\Console\\Migrations\\FreshCommand->handle()
#24 /home/vagrant/code/cathode/vendor/laravel/framework/src/Illuminate/Container/BoundMethod.php(32): call_user_func_array(Array, Array)
#25 /home/vagrant/code/cathode/vendor/laravel/framework/src/Illuminate/Container/BoundMethod.php(90): Illuminate\\Container\\BoundMethod::Illuminate\\Container\\{closure}()
#26 /home/vagrant/code/cathode/vendor/laravel/framework/src/Illuminate/Container/BoundMethod.php(34): Illuminate\\Container\\BoundMethod::callBoundMethod(Object(Illuminate\\Foundation\\Application), Array, Object(Closure))
#27 /home/vagrant/code/cathode/vendor/laravel/framework/src/Illuminate/Container/Container.php(576): Illuminate\\Container\\BoundMethod::call(Object(Illuminate\\Foundation\\Application), Array, Array, NULL)
#28 /home/vagrant/code/cathode/vendor/laravel/framework/src/Illuminate/Console/Command.php(183): Illuminate\\Container\\Container->call(Array)
#29 /home/vagrant/code/cathode/vendor/symfony/console/Command/Command.php(255): Illuminate\\Console\\Command->execute(Object(Symfony\\Component\\Console\\Input\\ArgvInput), Object(Illuminate\\Console\\OutputStyle))
#30 /home/vagrant/code/cathode/vendor/laravel/framework/src/Illuminate/Console/Command.php(170): Symfony\\Component\\Console\\Command\\Command->run(Object(Symfony\\Component\\Console\\Input\\ArgvInput), Object(Illuminate\\Console\\OutputStyle))
#31 /home/vagrant/code/cathode/vendor/symfony/console/Application.php(908): Illuminate\\Console\\Command->run(Object(Symfony\\Component\\Console\\Input\\ArgvInput), Object(Symfony\\Component\\Console\\Output\\ConsoleOutput))
#32 /home/vagrant/code/cathode/vendor/symfony/console/Application.php(269): Symfony\\Component\\Console\\Application->doRunCommand(Object(Illuminate\\Database\\Console\\Migrations\\FreshCommand), Object(Symfony\\Component\\Console\\Input\\ArgvInput), Object(Symfony\\Component\\Console\\Output\\ConsoleOutput))
#33 /home/vagrant/code/cathode/vendor/symfony/console/Application.php(145): Symfony\\Component\\Console\\Application->doRun(Object(Symfony\\Component\\Console\\Input\\ArgvInput), Object(Symfony\\Component\\Console\\Output\\ConsoleOutput))
#34 /home/vagrant/code/cathode/vendor/laravel/framework/src/Illuminate/Console/Application.php(90): Symfony\\Component\\Console\\Application->run(Object(Symfony\\Component\\Console\\Input\\ArgvInput), Object(Symfony\\Component\\Console\\Output\\ConsoleOutput))
#35 /home/vagrant/code/cathode/vendor/laravel/framework/src/Illuminate/Foundation/Console/Kernel.php(133): Illuminate\\Console\\Application->run(Object(Symfony\\Component\\Console\\Input\\ArgvInput), Object(Symfony\\Component\\Console\\Output\\ConsoleOutput))
#36 /home/vagrant/code/cathode/artisan(37): Illuminate\\Foundation\\Console\\Kernel->handle(Object(Symfony\\Component\\Console\\Input\\ArgvInput), Object(Symfony\\Component\\Console\\Output\\ConsoleOutput))
#37 {main}
"} 
[2019-06-18 20:55:58] local.ERROR: SQLSTATE[HY000]: General error: 1215 Cannot add foreign key constraint (SQL: alter table `projects` add constraint `projects_owner_id_foreign` foreign key (`owner_id`) references `users` (`id`) on delete cascade) {"exception":"[object] (Illuminate\\Database\\QueryException(code: HY000): SQLSTATE[HY000]: General error: 1215 Cannot add foreign key constraint (SQL: alter table `projects` add constraint `projects_owner_id_foreign` foreign key (`owner_id`) references `users` (`id`) on delete cascade) at /home/vagrant/code/cathode/vendor/laravel/framework/src/Illuminate/Database/Connection.php:664, PDOException(code: HY000): SQLSTATE[HY000]: General error: 1215 Cannot add foreign key constraint at /home/vagrant/code/cathode/vendor/laravel/framework/src/Illuminate/Database/Connection.php:458)
[stacktrace]
#0 /home/vagrant/code/cathode/vendor/laravel/framework/src/Illuminate/Database/Connection.php(624): Illuminate\\Database\\Connection->runQueryCallback('alter table `pr...', Array, Object(Closure))
#1 /home/vagrant/code/cathode/vendor/laravel/framework/src/Illuminate/Database/Connection.php(459): Illuminate\\Database\\Connection->run('alter table `pr...', Array, Object(Closure))
#2 /home/vagrant/code/cathode/vendor/laravel/framework/src/Illuminate/Database/Schema/Blueprint.php(97): Illuminate\\Database\\Connection->statement('alter table `pr...')
#3 /home/vagrant/code/cathode/vendor/laravel/framework/src/Illuminate/Database/Schema/Builder.php(278): Illuminate\\Database\\Schema\\Blueprint->build(Object(Illuminate\\Database\\MySqlConnection), Object(Illuminate\\Database\\Schema\\Grammars\\MySqlGrammar))
#4 /home/vagrant/code/cathode/vendor/laravel/framework/src/Illuminate/Database/Schema/Builder.php(167): Illuminate\\Database\\Schema\\Builder->build(Object(Illuminate\\Database\\Schema\\Blueprint))
#5 /home/vagrant/code/cathode/vendor/laravel/framework/src/Illuminate/Support/Facades/Facade.php(237): Illuminate\\Database\\Schema\\Builder->create('projects', Object(Closure))
#6 /home/vagrant/code/cathode/database/migrations/2019_05_27_174523_create_projects_table.php(23): Illuminate\\Support\\Facades\\Facade::__callStatic('create', Array)
#7 /home/vagrant/code/cathode/vendor/laravel/framework/src/Illuminate/Database/Migrations/Migrator.php(385): CreateProjectsTable->up()
#8 /home/vagrant/code/cathode/vendor/laravel/framework/src/Illuminate/Database/Migrations/Migrator.php(394): Illuminate\\Database\\Migrations\\Migrator->Illuminate\\Database\\Migrations\\{closure}()
#9 /home/vagrant/code/cathode/vendor/laravel/framework/src/Illuminate/Database/Migrations/Migrator.php(197): Illuminate\\Database\\Migrations\\Migrator->runMigration(Object(CreateProjectsTable), 'up')
#10 /home/vagrant/code/cathode/vendor/laravel/framework/src/Illuminate/Database/Migrations/Migrator.php(164): Illuminate\\Database\\Migrations\\Migrator->runUp('/home/vagrant/c...', 1, false)
#11 /home/vagrant/code/cathode/vendor/laravel/framework/src/Illuminate/Database/Migrations/Migrator.php(111): Illuminate\\Database\\Migrations\\Migrator->runPending(Array, Array)
#12 /home/vagrant/code/cathode/vendor/laravel/framework/src/Illuminate/Database/Console/Migrations/MigrateCommand.php(71): Illuminate\\Database\\Migrations\\Migrator->run(Array, Array)
#13 [internal function]: Illuminate\\Database\\Console\\Migrations\\MigrateCommand->handle()
#14 /home/vagrant/code/cathode/vendor/laravel/framework/src/Illuminate/Container/BoundMethod.php(32): call_user_func_array(Array, Array)
#15 /home/vagrant/code/cathode/vendor/laravel/framework/src/Illuminate/Container/BoundMethod.php(90): Illuminate\\Container\\BoundMethod::Illuminate\\Container\\{closure}()
#16 /home/vagrant/code/cathode/vendor/laravel/framework/src/Illuminate/Container/BoundMethod.php(34): Illuminate\\Container\\BoundMethod::callBoundMethod(Object(Illuminate\\Foundation\\Application), Array, Object(Closure))
#17 /home/vagrant/code/cathode/vendor/laravel/framework/src/Illuminate/Container/Container.php(576): Illuminate\\Container\\BoundMethod::call(Object(Illuminate\\Foundation\\Application), Array, Array, NULL)
#18 /home/vagrant/code/cathode/vendor/laravel/framework/src/Illuminate/Console/Command.php(183): Illuminate\\Container\\Container->call(Array)
#19 /home/vagrant/code/cathode/vendor/symfony/console/Command/Command.php(255): Illuminate\\Console\\Command->execute(Object(Symfony\\Component\\Console\\Input\\ArrayInput), Object(Illuminate\\Console\\OutputStyle))
#20 /home/vagrant/code/cathode/vendor/laravel/framework/src/Illuminate/Console/Command.php(170): Symfony\\Component\\Console\\Command\\Command->run(Object(Symfony\\Component\\Console\\Input\\ArrayInput), Object(Illuminate\\Console\\OutputStyle))
#21 /home/vagrant/code/cathode/vendor/laravel/framework/src/Illuminate/Console/Command.php(198): Illuminate\\Console\\Command->run(Object(Symfony\\Component\\Console\\Input\\ArrayInput), Object(Illuminate\\Console\\OutputStyle))
#22 /home/vagrant/code/cathode/vendor/laravel/framework/src/Illuminate/Database/Console/Migrations/FreshCommand.php(61): Illuminate\\Console\\Command->call('migrate', Array)
#23 [internal function]: Illuminate\\Database\\Console\\Migrations\\FreshCommand->handle()
#24 /home/vagrant/code/cathode/vendor/laravel/framework/src/Illuminate/Container/BoundMethod.php(32): call_user_func_array(Array, Array)
#25 /home/vagrant/code/cathode/vendor/laravel/framework/src/Illuminate/Container/BoundMethod.php(90): Illuminate\\Container\\BoundMethod::Illuminate\\Container\\{closure}()
#26 /home/vagrant/code/cathode/vendor/laravel/framework/src/Illuminate/Container/BoundMethod.php(34): Illuminate\\Container\\BoundMethod::callBoundMethod(Object(Illuminate\\Foundation\\Application), Array, Object(Closure))
#27 /home/vagrant/code/cathode/vendor/laravel/framework/src/Illuminate/Container/Container.php(576): Illuminate\\Container\\BoundMethod::call(Object(Illuminate\\Foundation\\Application), Array, Array, NULL)
#28 /home/vagrant/code/cathode/vendor/laravel/framework/src/Illuminate/Console/Command.php(183): Illuminate\\Container\\Container->call(Array)
#29 /home/vagrant/code/cathode/vendor/symfony/console/Command/Command.php(255): Illuminate\\Console\\Command->execute(Object(Symfony\\Component\\Console\\Input\\ArgvInput), Object(Illuminate\\Console\\OutputStyle))
#30 /home/vagrant/code/cathode/vendor/laravel/framework/src/Illuminate/Console/Command.php(170): Symfony\\Component\\Console\\Command\\Command->run(Object(Symfony\\Component\\Console\\Input\\ArgvInput), Object(Illuminate\\Console\\OutputStyle))
#31 /home/vagrant/code/cathode/vendor/symfony/console/Application.php(908): Illuminate\\Console\\Command->run(Object(Symfony\\Component\\Console\\Input\\ArgvInput), Object(Symfony\\Component\\Console\\Output\\ConsoleOutput))
#32 /home/vagrant/code/cathode/vendor/symfony/console/Application.php(269): Symfony\\Component\\Console\\Application->doRunCommand(Object(Illuminate\\Database\\Console\\Migrations\\FreshCommand), Object(Symfony\\Component\\Console\\Input\\ArgvInput), Object(Symfony\\Component\\Console\\Output\\ConsoleOutput))
#33 /home/vagrant/code/cathode/vendor/symfony/console/Application.php(145): Symfony\\Component\\Console\\Application->doRun(Object(Symfony\\Component\\Console\\Input\\ArgvInput), Object(Symfony\\Component\\Console\\Output\\ConsoleOutput))
#34 /home/vagrant/code/cathode/vendor/laravel/framework/src/Illuminate/Console/Application.php(90): Symfony\\Component\\Console\\Application->run(Object(Symfony\\Component\\Console\\Input\\ArgvInput), Object(Symfony\\Component\\Console\\Output\\ConsoleOutput))
#35 /home/vagrant/code/cathode/vendor/laravel/framework/src/Illuminate/Foundation/Console/Kernel.php(133): Illuminate\\Console\\Application->run(Object(Symfony\\Component\\Console\\Input\\ArgvInput), Object(Symfony\\Component\\Console\\Output\\ConsoleOutput))
#36 /home/vagrant/code/cathode/artisan(37): Illuminate\\Foundation\\Console\\Kernel->handle(Object(Symfony\\Component\\Console\\Input\\ArgvInput), Object(Symfony\\Component\\Console\\Output\\ConsoleOutput))
#37 {main}
"} 
[2019-06-18 21:02:24] local.ERROR: SQLSTATE[HY000]: General error: 1215 Cannot add foreign key constraint (SQL: alter table `projects` add constraint `projects_owner_id_foreign` foreign key (`owner_id`) references `users` (`id`) on delete cascade) {"exception":"[object] (Illuminate\\Database\\QueryException(code: HY000): SQLSTATE[HY000]: General error: 1215 Cannot add foreign key constraint (SQL: alter table `projects` add constraint `projects_owner_id_foreign` foreign key (`owner_id`) references `users` (`id`) on delete cascade) at /home/vagrant/code/cathode/vendor/laravel/framework/src/Illuminate/Database/Connection.php:664, PDOException(code: HY000): SQLSTATE[HY000]: General error: 1215 Cannot add foreign key constraint at /home/vagrant/code/cathode/vendor/laravel/framework/src/Illuminate/Database/Connection.php:458)
[stacktrace]
#0 /home/vagrant/code/cathode/vendor/laravel/framework/src/Illuminate/Database/Connection.php(624): Illuminate\\Database\\Connection->runQueryCallback('alter table `pr...', Array, Object(Closure))
#1 /home/vagrant/code/cathode/vendor/laravel/framework/src/Illuminate/Database/Connection.php(459): Illuminate\\Database\\Connection->run('alter table `pr...', Array, Object(Closure))
#2 /home/vagrant/code/cathode/vendor/laravel/framework/src/Illuminate/Database/Schema/Blueprint.php(97): Illuminate\\Database\\Connection->statement('alter table `pr...')
#3 /home/vagrant/code/cathode/vendor/laravel/framework/src/Illuminate/Database/Schema/Builder.php(278): Illuminate\\Database\\Schema\\Blueprint->build(Object(Illuminate\\Database\\MySqlConnection), Object(Illuminate\\Database\\Schema\\Grammars\\MySqlGrammar))
#4 /home/vagrant/code/cathode/vendor/laravel/framework/src/Illuminate/Database/Schema/Builder.php(167): Illuminate\\Database\\Schema\\Builder->build(Object(Illuminate\\Database\\Schema\\Blueprint))
#5 /home/vagrant/code/cathode/vendor/laravel/framework/src/Illuminate/Support/Facades/Facade.php(237): Illuminate\\Database\\Schema\\Builder->create('projects', Object(Closure))
#6 /home/vagrant/code/cathode/database/migrations/2019_05_27_174523_create_projects_table.php(23): Illuminate\\Support\\Facades\\Facade::__callStatic('create', Array)
#7 /home/vagrant/code/cathode/vendor/laravel/framework/src/Illuminate/Database/Migrations/Migrator.php(385): CreateProjectsTable->up()
#8 /home/vagrant/code/cathode/vendor/laravel/framework/src/Illuminate/Database/Migrations/Migrator.php(394): Illuminate\\Database\\Migrations\\Migrator->Illuminate\\Database\\Migrations\\{closure}()
#9 /home/vagrant/code/cathode/vendor/laravel/framework/src/Illuminate/Database/Migrations/Migrator.php(197): Illuminate\\Database\\Migrations\\Migrator->runMigration(Object(CreateProjectsTable), 'up')
#10 /home/vagrant/code/cathode/vendor/laravel/framework/src/Illuminate/Database/Migrations/Migrator.php(164): Illuminate\\Database\\Migrations\\Migrator->runUp('/home/vagrant/c...', 1, false)
#11 /home/vagrant/code/cathode/vendor/laravel/framework/src/Illuminate/Database/Migrations/Migrator.php(111): Illuminate\\Database\\Migrations\\Migrator->runPending(Array, Array)
#12 /home/vagrant/code/cathode/vendor/laravel/framework/src/Illuminate/Database/Console/Migrations/MigrateCommand.php(71): Illuminate\\Database\\Migrations\\Migrator->run(Array, Array)
#13 [internal function]: Illuminate\\Database\\Console\\Migrations\\MigrateCommand->handle()
#14 /home/vagrant/code/cathode/vendor/laravel/framework/src/Illuminate/Container/BoundMethod.php(32): call_user_func_array(Array, Array)
#15 /home/vagrant/code/cathode/vendor/laravel/framework/src/Illuminate/Container/BoundMethod.php(90): Illuminate\\Container\\BoundMethod::Illuminate\\Container\\{closure}()
#16 /home/vagrant/code/cathode/vendor/laravel/framework/src/Illuminate/Container/BoundMethod.php(34): Illuminate\\Container\\BoundMethod::callBoundMethod(Object(Illuminate\\Foundation\\Application), Array, Object(Closure))
#17 /home/vagrant/code/cathode/vendor/laravel/framework/src/Illuminate/Container/Container.php(576): Illuminate\\Container\\BoundMethod::call(Object(Illuminate\\Foundation\\Application), Array, Array, NULL)
#18 /home/vagrant/code/cathode/vendor/laravel/framework/src/Illuminate/Console/Command.php(183): Illuminate\\Container\\Container->call(Array)
#19 /home/vagrant/code/cathode/vendor/symfony/console/Command/Command.php(255): Illuminate\\Console\\Command->execute(Object(Symfony\\Component\\Console\\Input\\ArrayInput), Object(Illuminate\\Console\\OutputStyle))
#20 /home/vagrant/code/cathode/vendor/laravel/framework/src/Illuminate/Console/Command.php(170): Symfony\\Component\\Console\\Command\\Command->run(Object(Symfony\\Component\\Console\\Input\\ArrayInput), Object(Illuminate\\Console\\OutputStyle))
#21 /home/vagrant/code/cathode/vendor/laravel/framework/src/Illuminate/Console/Command.php(198): Illuminate\\Console\\Command->run(Object(Symfony\\Component\\Console\\Input\\ArrayInput), Object(Illuminate\\Console\\OutputStyle))
#22 /home/vagrant/code/cathode/vendor/laravel/framework/src/Illuminate/Database/Console/Migrations/FreshCommand.php(61): Illuminate\\Console\\Command->call('migrate', Array)
#23 [internal function]: Illuminate\\Database\\Console\\Migrations\\FreshCommand->handle()
#24 /home/vagrant/code/cathode/vendor/laravel/framework/src/Illuminate/Container/BoundMethod.php(32): call_user_func_array(Array, Array)
#25 /home/vagrant/code/cathode/vendor/laravel/framework/src/Illuminate/Container/BoundMethod.php(90): Illuminate\\Container\\BoundMethod::Illuminate\\Container\\{closure}()
#26 /home/vagrant/code/cathode/vendor/laravel/framework/src/Illuminate/Container/BoundMethod.php(34): Illuminate\\Container\\BoundMethod::callBoundMethod(Object(Illuminate\\Foundation\\Application), Array, Object(Closure))
#27 /home/vagrant/code/cathode/vendor/laravel/framework/src/Illuminate/Container/Container.php(576): Illuminate\\Container\\BoundMethod::call(Object(Illuminate\\Foundation\\Application), Array, Array, NULL)
#28 /home/vagrant/code/cathode/vendor/laravel/framework/src/Illuminate/Console/Command.php(183): Illuminate\\Container\\Container->call(Array)
#29 /home/vagrant/code/cathode/vendor/symfony/console/Command/Command.php(255): Illuminate\\Console\\Command->execute(Object(Symfony\\Component\\Console\\Input\\ArgvInput), Object(Illuminate\\Console\\OutputStyle))
#30 /home/vagrant/code/cathode/vendor/laravel/framework/src/Illuminate/Console/Command.php(170): Symfony\\Component\\Console\\Command\\Command->run(Object(Symfony\\Component\\Console\\Input\\ArgvInput), Object(Illuminate\\Console\\OutputStyle))
#31 /home/vagrant/code/cathode/vendor/symfony/console/Application.php(908): Illuminate\\Console\\Command->run(Object(Symfony\\Component\\Console\\Input\\ArgvInput), Object(Symfony\\Component\\Console\\Output\\ConsoleOutput))
#32 /home/vagrant/code/cathode/vendor/symfony/console/Application.php(269): Symfony\\Component\\Console\\Application->doRunCommand(Object(Illuminate\\Database\\Console\\Migrations\\FreshCommand), Object(Symfony\\Component\\Console\\Input\\ArgvInput), Object(Symfony\\Component\\Console\\Output\\ConsoleOutput))
#33 /home/vagrant/code/cathode/vendor/symfony/console/Application.php(145): Symfony\\Component\\Console\\Application->doRun(Object(Symfony\\Component\\Console\\Input\\ArgvInput), Object(Symfony\\Component\\Console\\Output\\ConsoleOutput))
#34 /home/vagrant/code/cathode/vendor/laravel/framework/src/Illuminate/Console/Application.php(90): Symfony\\Component\\Console\\Application->run(Object(Symfony\\Component\\Console\\Input\\ArgvInput), Object(Symfony\\Component\\Console\\Output\\ConsoleOutput))
#35 /home/vagrant/code/cathode/vendor/laravel/framework/src/Illuminate/Foundation/Console/Kernel.php(133): Illuminate\\Console\\Application->run(Object(Symfony\\Component\\Console\\Input\\ArgvInput), Object(Symfony\\Component\\Console\\Output\\ConsoleOutput))
#36 /home/vagrant/code/cathode/artisan(37): Illuminate\\Foundation\\Console\\Kernel->handle(Object(Symfony\\Component\\Console\\Input\\ArgvInput), Object(Symfony\\Component\\Console\\Output\\ConsoleOutput))
#37 {main}
"} 
[2019-06-18 21:18:56] local.ERROR: SQLSTATE[HY000]: General error: 1364 Field 'owner_id' doesn't have a default value (SQL: insert into `projects` (`title`, `description`, `updated_at`, `created_at`) values (happy, gh hg hg hg, 2019-06-18 21:18:56, 2019-06-18 21:18:56)) {"userId":1,"exception":"[object] (Illuminate\\Database\\QueryException(code: HY000): SQLSTATE[HY000]: General error: 1364 Field 'owner_id' doesn't have a default value (SQL: insert into `projects` (`title`, `description`, `updated_at`, `created_at`) values (happy, gh hg hg hg, 2019-06-18 21:18:56, 2019-06-18 21:18:56)) at /home/vagrant/code/cathode/vendor/laravel/framework/src/Illuminate/Database/Connection.php:664, PDOException(code: HY000): SQLSTATE[HY000]: General error: 1364 Field 'owner_id' doesn't have a default value at /home/vagrant/code/cathode/vendor/laravel/framework/src/Illuminate/Database/Connection.php:458)
[stacktrace]
#0 /home/vagrant/code/cathode/vendor/laravel/framework/src/Illuminate/Database/Connection.php(624): Illuminate\\Database\\Connection->runQueryCallback('insert into `pr...', Array, Object(Closure))
#1 /home/vagrant/code/cathode/vendor/laravel/framework/src/Illuminate/Database/Connection.php(459): Illuminate\\Database\\Connection->run('insert into `pr...', Array, Object(Closure))
#2 /home/vagrant/code/cathode/vendor/laravel/framework/src/Illuminate/Database/Connection.php(411): Illuminate\\Database\\Connection->statement('insert into `pr...', Array)
#3 /home/vagrant/code/cathode/vendor/laravel/framework/src/Illuminate/Database/Query/Processors/Processor.php(32): Illuminate\\Database\\Connection->insert('insert into `pr...', Array)
#4 /home/vagrant/code/cathode/vendor/laravel/framework/src/Illuminate/Database/Query/Builder.php(2657): Illuminate\\Database\\Query\\Processors\\Processor->processInsertGetId(Object(Illuminate\\Database\\Query\\Builder), 'insert into `pr...', Array, 'id')
#5 /home/vagrant/code/cathode/vendor/laravel/framework/src/Illuminate/Database/Eloquent/Builder.php(1349): Illuminate\\Database\\Query\\Builder->insertGetId(Array, 'id')
#6 /home/vagrant/code/cathode/vendor/laravel/framework/src/Illuminate/Database/Eloquent/Model.php(835): Illuminate\\Database\\Eloquent\\Builder->__call('insertGetId', Array)
#7 /home/vagrant/code/cathode/vendor/laravel/framework/src/Illuminate/Database/Eloquent/Model.php(800): Illuminate\\Database\\Eloquent\\Model->insertAndSetId(Object(Illuminate\\Database\\Eloquent\\Builder), Array)
#8 /home/vagrant/code/cathode/vendor/laravel/framework/src/Illuminate/Database/Eloquent/Model.php(663): Illuminate\\Database\\Eloquent\\Model->performInsert(Object(Illuminate\\Database\\Eloquent\\Builder))
#9 /home/vagrant/code/cathode/vendor/laravel/framework/src/Illuminate/Database/Eloquent/Builder.php(795): Illuminate\\Database\\Eloquent\\Model->save()
#10 /home/vagrant/code/cathode/vendor/laravel/framework/src/Illuminate/Support/helpers.php(1123): Illuminate\\Database\\Eloquent\\Builder->Illuminate\\Database\\Eloquent\\{closure}(Object(App\\Project))
#11 /home/vagrant/code/cathode/vendor/laravel/framework/src/Illuminate/Database/Eloquent/Builder.php(796): tap(Object(App\\Project), Object(Closure))
#12 /home/vagrant/code/cathode/vendor/laravel/framework/src/Illuminate/Support/Traits/ForwardsCalls.php(23): Illuminate\\Database\\Eloquent\\Builder->create(Array)
#13 /home/vagrant/code/cathode/vendor/laravel/framework/src/Illuminate/Database/Eloquent/Model.php(1614): Illuminate\\Database\\Eloquent\\Model->forwardCallTo(Object(Illuminate\\Database\\Eloquent\\Builder), 'create', Array)
#14 /home/vagrant/code/cathode/vendor/laravel/framework/src/Illuminate/Database/Eloquent/Model.php(1626): Illuminate\\Database\\Eloquent\\Model->__call('create', Array)
#15 /home/vagrant/code/cathode/app/Http/Controllers/ProjectsController.php(62): Illuminate\\Database\\Eloquent\\Model::__callStatic('create', Array)
#16 [internal function]: App\\Http\\Controllers\\ProjectsController->store(Object(Illuminate\\Http\\Request))
#17 /home/vagrant/code/cathode/vendor/laravel/framework/src/Illuminate/Routing/Controller.php(54): call_user_func_array(Array, Array)
#18 /home/vagrant/code/cathode/vendor/laravel/framework/src/Illuminate/Routing/ControllerDispatcher.php(45): Illuminate\\Routing\\Controller->callAction('store', Array)
#19 /home/vagrant/code/cathode/vendor/laravel/framework/src/Illuminate/Routing/Route.php(219): Illuminate\\Routing\\ControllerDispatcher->dispatch(Object(Illuminate\\Routing\\Route), Object(App\\Http\\Controllers\\ProjectsController), 'store')
#20 /home/vagrant/code/cathode/vendor/laravel/framework/src/Illuminate/Routing/Route.php(176): Illuminate\\Routing\\Route->runController()
#21 /home/vagrant/code/cathode/vendor/laravel/framework/src/Illuminate/Routing/Router.php(680): Illuminate\\Routing\\Route->run()
#22 /home/vagrant/code/cathode/vendor/laravel/framework/src/Illuminate/Routing/Pipeline.php(30): Illuminate\\Routing\\Router->Illuminate\\Routing\\{closure}(Object(Illuminate\\Http\\Request))
#23 /home/vagrant/code/cathode/vendor/laravel/framework/src/Illuminate/Routing/Middleware/SubstituteBindings.php(41): Illuminate\\Routing\\Pipeline->Illuminate\\Routing\\{closure}(Object(Illuminate\\Http\\Request))
#24 /home/vagrant/code/cathode/vendor/laravel/framework/src/Illuminate/Pipeline/Pipeline.php(163): Illuminate\\Routing\\Middleware\\SubstituteBindings->handle(Object(Illuminate\\Http\\Request), Object(Closure))
#25 /home/vagrant/code/cathode/vendor/laravel/framework/src/Illuminate/Routing/Pipeline.php(53): Illuminate\\Pipeline\\Pipeline->Illuminate\\Pipeline\\{closure}(Object(Illuminate\\Http\\Request))
#26 /home/vagrant/code/cathode/vendor/laravel/framework/src/Illuminate/Auth/Middleware/Authenticate.php(43): Illuminate\\Routing\\Pipeline->Illuminate\\Routing\\{closure}(Object(Illuminate\\Http\\Request))
#27 /home/vagrant/code/cathode/vendor/laravel/framework/src/Illuminate/Pipeline/Pipeline.php(163): Illuminate\\Auth\\Middleware\\Authenticate->handle(Object(Illuminate\\Http\\Request), Object(Closure))
#28 /home/vagrant/code/cathode/vendor/laravel/framework/src/Illuminate/Routing/Pipeline.php(53): Illuminate\\Pipeline\\Pipeline->Illuminate\\Pipeline\\{closure}(Object(Illuminate\\Http\\Request))
#29 /home/vagrant/code/cathode/vendor/laravel/framework/src/Illuminate/Foundation/Http/Middleware/VerifyCsrfToken.php(75): Illuminate\\Routing\\Pipeline->Illuminate\\Routing\\{closure}(Object(Illuminate\\Http\\Request))
#30 /home/vagrant/code/cathode/vendor/laravel/framework/src/Illuminate/Pipeline/Pipeline.php(163): Illuminate\\Foundation\\Http\\Middleware\\VerifyCsrfToken->handle(Object(Illuminate\\Http\\Request), Object(Closure))
#31 /home/vagrant/code/cathode/vendor/laravel/framework/src/Illuminate/Routing/Pipeline.php(53): Illuminate\\Pipeline\\Pipeline->Illuminate\\Pipeline\\{closure}(Object(Illuminate\\Http\\Request))
#32 /home/vagrant/code/cathode/vendor/laravel/framework/src/Illuminate/View/Middleware/ShareErrorsFromSession.php(49): Illuminate\\Routing\\Pipeline->Illuminate\\Routing\\{closure}(Object(Illuminate\\Http\\Request))
#33 /home/vagrant/code/cathode/vendor/laravel/framework/src/Illuminate/Pipeline/Pipeline.php(163): Illuminate\\View\\Middleware\\ShareErrorsFromSession->handle(Object(Illuminate\\Http\\Request), Object(Closure))
#34 /home/vagrant/code/cathode/vendor/laravel/framework/src/Illuminate/Routing/Pipeline.php(53): Illuminate\\Pipeline\\Pipeline->Illuminate\\Pipeline\\{closure}(Object(Illuminate\\Http\\Request))
#35 /home/vagrant/code/cathode/vendor/laravel/framework/src/Illuminate/Session/Middleware/StartSession.php(56): Illuminate\\Routing\\Pipeline->Illuminate\\Routing\\{closure}(Object(Illuminate\\Http\\Request))
#36 /home/vagrant/code/cathode/vendor/laravel/framework/src/Illuminate/Pipeline/Pipeline.php(163): Illuminate\\Session\\Middleware\\StartSession->handle(Object(Illuminate\\Http\\Request), Object(Closure))
#37 /home/vagrant/code/cathode/vendor/laravel/framework/src/Illuminate/Routing/Pipeline.php(53): Illuminate\\Pipeline\\Pipeline->Illuminate\\Pipeline\\{closure}(Object(Illuminate\\Http\\Request))
#38 /home/vagrant/code/cathode/vendor/laravel/framework/src/Illuminate/Cookie/Middleware/AddQueuedCookiesToResponse.php(37): Illuminate\\Routing\\Pipeline->Illuminate\\Routing\\{closure}(Object(Illuminate\\Http\\Request))
#39 /home/vagrant/code/cathode/vendor/laravel/framework/src/Illuminate/Pipeline/Pipeline.php(163): Illuminate\\Cookie\\Middleware\\AddQueuedCookiesToResponse->handle(Object(Illuminate\\Http\\Request), Object(Closure))
#40 /home/vagrant/code/cathode/vendor/laravel/framework/src/Illuminate/Routing/Pipeline.php(53): Illuminate\\Pipeline\\Pipeline->Illuminate\\Pipeline\\{closure}(Object(Illuminate\\Http\\Request))
#41 /home/vagrant/code/cathode/vendor/laravel/framework/src/Illuminate/Cookie/Middleware/EncryptCookies.php(66): Illuminate\\Routing\\Pipeline->Illuminate\\Routing\\{closure}(Object(Illuminate\\Http\\Request))
#42 /home/vagrant/code/cathode/vendor/laravel/framework/src/Illuminate/Pipeline/Pipeline.php(163): Illuminate\\Cookie\\Middleware\\EncryptCookies->handle(Object(Illuminate\\Http\\Request), Object(Closure))
#43 /home/vagrant/code/cathode/vendor/laravel/framework/src/Illuminate/Routing/Pipeline.php(53): Illuminate\\Pipeline\\Pipeline->Illuminate\\Pipeline\\{closure}(Object(Illuminate\\Http\\Request))
#44 /home/vagrant/code/cathode/vendor/laravel/framework/src/Illuminate/Pipeline/Pipeline.php(104): Illuminate\\Routing\\Pipeline->Illuminate\\Routing\\{closure}(Object(Illuminate\\Http\\Request))
#45 /home/vagrant/code/cathode/vendor/laravel/framework/src/Illuminate/Routing/Router.php(682): Illuminate\\Pipeline\\Pipeline->then(Object(Closure))
#46 /home/vagrant/code/cathode/vendor/laravel/framework/src/Illuminate/Routing/Router.php(657): Illuminate\\Routing\\Router->runRouteWithinStack(Object(Illuminate\\Routing\\Route), Object(Illuminate\\Http\\Request))
#47 /home/vagrant/code/cathode/vendor/laravel/framework/src/Illuminate/Routing/Router.php(623): Illuminate\\Routing\\Router->runRoute(Object(Illuminate\\Http\\Request), Object(Illuminate\\Routing\\Route))
#48 /home/vagrant/code/cathode/vendor/laravel/framework/src/Illuminate/Routing/Router.php(612): Illuminate\\Routing\\Router->dispatchToRoute(Object(Illuminate\\Http\\Request))
#49 /home/vagrant/code/cathode/vendor/laravel/framework/src/Illuminate/Foundation/Http/Kernel.php(176): Illuminate\\Routing\\Router->dispatch(Object(Illuminate\\Http\\Request))
#50 /home/vagrant/code/cathode/vendor/laravel/framework/src/Illuminate/Routing/Pipeline.php(30): Illuminate\\Foundation\\Http\\Kernel->Illuminate\\Foundation\\Http\\{closure}(Object(Illuminate\\Http\\Request))
#51 /home/vagrant/code/cathode/vendor/fideloper/proxy/src/TrustProxies.php(57): Illuminate\\Routing\\Pipeline->Illuminate\\Routing\\{closure}(Object(Illuminate\\Http\\Request))
#52 /home/vagrant/code/cathode/vendor/laravel/framework/src/Illuminate/Pipeline/Pipeline.php(163): Fideloper\\Proxy\\TrustProxies->handle(Object(Illuminate\\Http\\Request), Object(Closure))
#53 /home/vagrant/code/cathode/vendor/laravel/framework/src/Illuminate/Routing/Pipeline.php(53): Illuminate\\Pipeline\\Pipeline->Illuminate\\Pipeline\\{closure}(Object(Illuminate\\Http\\Request))
#54 /home/vagrant/code/cathode/vendor/laravel/framework/src/Illuminate/Foundation/Http/Middleware/TransformsRequest.php(21): Illuminate\\Routing\\Pipeline->Illuminate\\Routing\\{closure}(Object(Illuminate\\Http\\Request))
#55 /home/vagrant/code/cathode/vendor/laravel/framework/src/Illuminate/Pipeline/Pipeline.php(163): Illuminate\\Foundation\\Http\\Middleware\\TransformsRequest->handle(Object(Illuminate\\Http\\Request), Object(Closure))
#56 /home/vagrant/code/cathode/vendor/laravel/framework/src/Illuminate/Routing/Pipeline.php(53): Illuminate\\Pipeline\\Pipeline->Illuminate\\Pipeline\\{closure}(Object(Illuminate\\Http\\Request))
#57 /home/vagrant/code/cathode/vendor/laravel/framework/src/Illuminate/Foundation/Http/Middleware/TransformsRequest.php(21): Illuminate\\Routing\\Pipeline->Illuminate\\Routing\\{closure}(Object(Illuminate\\Http\\Request))
#58 /home/vagrant/code/cathode/vendor/laravel/framework/src/Illuminate/Pipeline/Pipeline.php(163): Illuminate\\Foundation\\Http\\Middleware\\TransformsRequest->handle(Object(Illuminate\\Http\\Request), Object(Closure))
#59 /home/vagrant/code/cathode/vendor/laravel/framework/src/Illuminate/Routing/Pipeline.php(53): Illuminate\\Pipeline\\Pipeline->Illuminate\\Pipeline\\{closure}(Object(Illuminate\\Http\\Request))
#60 /home/vagrant/code/cathode/vendor/laravel/framework/src/Illuminate/Foundation/Http/Middleware/ValidatePostSize.php(27): Illuminate\\Routing\\Pipeline->Illuminate\\Routing\\{closure}(Object(Illuminate\\Http\\Request))
#61 /home/vagrant/code/cathode/vendor/laravel/framework/src/Illuminate/Pipeline/Pipeline.php(163): Illuminate\\Foundation\\Http\\Middleware\\ValidatePostSize->handle(Object(Illuminate\\Http\\Request), Object(Closure))
#62 /home/vagrant/code/cathode/vendor/laravel/framework/src/Illuminate/Routing/Pipeline.php(53): Illuminate\\Pipeline\\Pipeline->Illuminate\\Pipeline\\{closure}(Object(Illuminate\\Http\\Request))
#63 /home/vagrant/code/cathode/vendor/laravel/framework/src/Illuminate/Foundation/Http/Middleware/CheckForMaintenanceMode.php(62): Illuminate\\Routing\\Pipeline->Illuminate\\Routing\\{closure}(Object(Illuminate\\Http\\Request))
#64 /home/vagrant/code/cathode/vendor/laravel/framework/src/Illuminate/Pipeline/Pipeline.php(163): Illuminate\\Foundation\\Http\\Middleware\\CheckForMaintenanceMode->handle(Object(Illuminate\\Http\\Request), Object(Closure))
#65 /home/vagrant/code/cathode/vendor/laravel/framework/src/Illuminate/Routing/Pipeline.php(53): Illuminate\\Pipeline\\Pipeline->Illuminate\\Pipeline\\{closure}(Object(Illuminate\\Http\\Request))
#66 /home/vagrant/code/cathode/vendor/laravel/framework/src/Illuminate/Pipeline/Pipeline.php(104): Illuminate\\Routing\\Pipeline->Illuminate\\Routing\\{closure}(Object(Illuminate\\Http\\Request))
#67 /home/vagrant/code/cathode/vendor/laravel/framework/src/Illuminate/Foundation/Http/Kernel.php(151): Illuminate\\Pipeline\\Pipeline->then(Object(Closure))
#68 /home/vagrant/code/cathode/vendor/laravel/framework/src/Illuminate/Foundation/Http/Kernel.php(116): Illuminate\\Foundation\\Http\\Kernel->sendRequestThroughRouter(Object(Illuminate\\Http\\Request))
#69 /home/vagrant/code/cathode/public/index.php(55): Illuminate\\Foundation\\Http\\Kernel->handle(Object(Illuminate\\Http\\Request))
#70 {main}
"} 
[2019-06-18 21:22:02] local.ERROR: SQLSTATE[HY000]: General error: 1364 Field 'owner_id' doesn't have a default value (SQL: insert into `projects` (`title`, `description`, `updated_at`, `created_at`) values (happy, gh hg hg hg, 2019-06-18 21:22:02, 2019-06-18 21:22:02)) {"userId":1,"exception":"[object] (Illuminate\\Database\\QueryException(code: HY000): SQLSTATE[HY000]: General error: 1364 Field 'owner_id' doesn't have a default value (SQL: insert into `projects` (`title`, `description`, `updated_at`, `created_at`) values (happy, gh hg hg hg, 2019-06-18 21:22:02, 2019-06-18 21:22:02)) at /home/vagrant/code/cathode/vendor/laravel/framework/src/Illuminate/Database/Connection.php:664, PDOException(code: HY000): SQLSTATE[HY000]: General error: 1364 Field 'owner_id' doesn't have a default value at /home/vagrant/code/cathode/vendor/laravel/framework/src/Illuminate/Database/Connection.php:458)
[stacktrace]
#0 /home/vagrant/code/cathode/vendor/laravel/framework/src/Illuminate/Database/Connection.php(624): Illuminate\\Database\\Connection->runQueryCallback('insert into `pr...', Array, Object(Closure))
#1 /home/vagrant/code/cathode/vendor/laravel/framework/src/Illuminate/Database/Connection.php(459): Illuminate\\Database\\Connection->run('insert into `pr...', Array, Object(Closure))
#2 /home/vagrant/code/cathode/vendor/laravel/framework/src/Illuminate/Database/Connection.php(411): Illuminate\\Database\\Connection->statement('insert into `pr...', Array)
#3 /home/vagrant/code/cathode/vendor/laravel/framework/src/Illuminate/Database/Query/Processors/Processor.php(32): Illuminate\\Database\\Connection->insert('insert into `pr...', Array)
#4 /home/vagrant/code/cathode/vendor/laravel/framework/src/Illuminate/Database/Query/Builder.php(2657): Illuminate\\Database\\Query\\Processors\\Processor->processInsertGetId(Object(Illuminate\\Database\\Query\\Builder), 'insert into `pr...', Array, 'id')
#5 /home/vagrant/code/cathode/vendor/laravel/framework/src/Illuminate/Database/Eloquent/Builder.php(1349): Illuminate\\Database\\Query\\Builder->insertGetId(Array, 'id')
#6 /home/vagrant/code/cathode/vendor/laravel/framework/src/Illuminate/Database/Eloquent/Model.php(835): Illuminate\\Database\\Eloquent\\Builder->__call('insertGetId', Array)
#7 /home/vagrant/code/cathode/vendor/laravel/framework/src/Illuminate/Database/Eloquent/Model.php(800): Illuminate\\Database\\Eloquent\\Model->insertAndSetId(Object(Illuminate\\Database\\Eloquent\\Builder), Array)
#8 /home/vagrant/code/cathode/vendor/laravel/framework/src/Illuminate/Database/Eloquent/Model.php(663): Illuminate\\Database\\Eloquent\\Model->performInsert(Object(Illuminate\\Database\\Eloquent\\Builder))
#9 /home/vagrant/code/cathode/vendor/laravel/framework/src/Illuminate/Database/Eloquent/Builder.php(795): Illuminate\\Database\\Eloquent\\Model->save()
#10 /home/vagrant/code/cathode/vendor/laravel/framework/src/Illuminate/Support/helpers.php(1123): Illuminate\\Database\\Eloquent\\Builder->Illuminate\\Database\\Eloquent\\{closure}(Object(App\\Project))
#11 /home/vagrant/code/cathode/vendor/laravel/framework/src/Illuminate/Database/Eloquent/Builder.php(796): tap(Object(App\\Project), Object(Closure))
#12 /home/vagrant/code/cathode/vendor/laravel/framework/src/Illuminate/Support/Traits/ForwardsCalls.php(23): Illuminate\\Database\\Eloquent\\Builder->create(Array)
#13 /home/vagrant/code/cathode/vendor/laravel/framework/src/Illuminate/Database/Eloquent/Model.php(1614): Illuminate\\Database\\Eloquent\\Model->forwardCallTo(Object(Illuminate\\Database\\Eloquent\\Builder), 'create', Array)
#14 /home/vagrant/code/cathode/vendor/laravel/framework/src/Illuminate/Database/Eloquent/Model.php(1626): Illuminate\\Database\\Eloquent\\Model->__call('create', Array)
#15 /home/vagrant/code/cathode/app/Http/Controllers/ProjectsController.php(62): Illuminate\\Database\\Eloquent\\Model::__callStatic('create', Array)
#16 [internal function]: App\\Http\\Controllers\\ProjectsController->store(Object(Illuminate\\Http\\Request))
#17 /home/vagrant/code/cathode/vendor/laravel/framework/src/Illuminate/Routing/Controller.php(54): call_user_func_array(Array, Array)
#18 /home/vagrant/code/cathode/vendor/laravel/framework/src/Illuminate/Routing/ControllerDispatcher.php(45): Illuminate\\Routing\\Controller->callAction('store', Array)
#19 /home/vagrant/code/cathode/vendor/laravel/framework/src/Illuminate/Routing/Route.php(219): Illuminate\\Routing\\ControllerDispatcher->dispatch(Object(Illuminate\\Routing\\Route), Object(App\\Http\\Controllers\\ProjectsController), 'store')
#20 /home/vagrant/code/cathode/vendor/laravel/framework/src/Illuminate/Routing/Route.php(176): Illuminate\\Routing\\Route->runController()
#21 /home/vagrant/code/cathode/vendor/laravel/framework/src/Illuminate/Routing/Router.php(680): Illuminate\\Routing\\Route->run()
#22 /home/vagrant/code/cathode/vendor/laravel/framework/src/Illuminate/Routing/Pipeline.php(30): Illuminate\\Routing\\Router->Illuminate\\Routing\\{closure}(Object(Illuminate\\Http\\Request))
#23 /home/vagrant/code/cathode/vendor/laravel/framework/src/Illuminate/Routing/Middleware/SubstituteBindings.php(41): Illuminate\\Routing\\Pipeline->Illuminate\\Routing\\{closure}(Object(Illuminate\\Http\\Request))
#24 /home/vagrant/code/cathode/vendor/laravel/framework/src/Illuminate/Pipeline/Pipeline.php(163): Illuminate\\Routing\\Middleware\\SubstituteBindings->handle(Object(Illuminate\\Http\\Request), Object(Closure))
#25 /home/vagrant/code/cathode/vendor/laravel/framework/src/Illuminate/Routing/Pipeline.php(53): Illuminate\\Pipeline\\Pipeline->Illuminate\\Pipeline\\{closure}(Object(Illuminate\\Http\\Request))
#26 /home/vagrant/code/cathode/vendor/laravel/framework/src/Illuminate/Auth/Middleware/Authenticate.php(43): Illuminate\\Routing\\Pipeline->Illuminate\\Routing\\{closure}(Object(Illuminate\\Http\\Request))
#27 /home/vagrant/code/cathode/vendor/laravel/framework/src/Illuminate/Pipeline/Pipeline.php(163): Illuminate\\Auth\\Middleware\\Authenticate->handle(Object(Illuminate\\Http\\Request), Object(Closure))
#28 /home/vagrant/code/cathode/vendor/laravel/framework/src/Illuminate/Routing/Pipeline.php(53): Illuminate\\Pipeline\\Pipeline->Illuminate\\Pipeline\\{closure}(Object(Illuminate\\Http\\Request))
#29 /home/vagrant/code/cathode/vendor/laravel/framework/src/Illuminate/Foundation/Http/Middleware/VerifyCsrfToken.php(75): Illuminate\\Routing\\Pipeline->Illuminate\\Routing\\{closure}(Object(Illuminate\\Http\\Request))
#30 /home/vagrant/code/cathode/vendor/laravel/framework/src/Illuminate/Pipeline/Pipeline.php(163): Illuminate\\Foundation\\Http\\Middleware\\VerifyCsrfToken->handle(Object(Illuminate\\Http\\Request), Object(Closure))
#31 /home/vagrant/code/cathode/vendor/laravel/framework/src/Illuminate/Routing/Pipeline.php(53): Illuminate\\Pipeline\\Pipeline->Illuminate\\Pipeline\\{closure}(Object(Illuminate\\Http\\Request))
#32 /home/vagrant/code/cathode/vendor/laravel/framework/src/Illuminate/View/Middleware/ShareErrorsFromSession.php(49): Illuminate\\Routing\\Pipeline->Illuminate\\Routing\\{closure}(Object(Illuminate\\Http\\Request))
#33 /home/vagrant/code/cathode/vendor/laravel/framework/src/Illuminate/Pipeline/Pipeline.php(163): Illuminate\\View\\Middleware\\ShareErrorsFromSession->handle(Object(Illuminate\\Http\\Request), Object(Closure))
#34 /home/vagrant/code/cathode/vendor/laravel/framework/src/Illuminate/Routing/Pipeline.php(53): Illuminate\\Pipeline\\Pipeline->Illuminate\\Pipeline\\{closure}(Object(Illuminate\\Http\\Request))
#35 /home/vagrant/code/cathode/vendor/laravel/framework/src/Illuminate/Session/Middleware/StartSession.php(56): Illuminate\\Routing\\Pipeline->Illuminate\\Routing\\{closure}(Object(Illuminate\\Http\\Request))
#36 /home/vagrant/code/cathode/vendor/laravel/framework/src/Illuminate/Pipeline/Pipeline.php(163): Illuminate\\Session\\Middleware\\StartSession->handle(Object(Illuminate\\Http\\Request), Object(Closure))
#37 /home/vagrant/code/cathode/vendor/laravel/framework/src/Illuminate/Routing/Pipeline.php(53): Illuminate\\Pipeline\\Pipeline->Illuminate\\Pipeline\\{closure}(Object(Illuminate\\Http\\Request))
#38 /home/vagrant/code/cathode/vendor/laravel/framework/src/Illuminate/Cookie/Middleware/AddQueuedCookiesToResponse.php(37): Illuminate\\Routing\\Pipeline->Illuminate\\Routing\\{closure}(Object(Illuminate\\Http\\Request))
#39 /home/vagrant/code/cathode/vendor/laravel/framework/src/Illuminate/Pipeline/Pipeline.php(163): Illuminate\\Cookie\\Middleware\\AddQueuedCookiesToResponse->handle(Object(Illuminate\\Http\\Request), Object(Closure))
#40 /home/vagrant/code/cathode/vendor/laravel/framework/src/Illuminate/Routing/Pipeline.php(53): Illuminate\\Pipeline\\Pipeline->Illuminate\\Pipeline\\{closure}(Object(Illuminate\\Http\\Request))
#41 /home/vagrant/code/cathode/vendor/laravel/framework/src/Illuminate/Cookie/Middleware/EncryptCookies.php(66): Illuminate\\Routing\\Pipeline->Illuminate\\Routing\\{closure}(Object(Illuminate\\Http\\Request))
#42 /home/vagrant/code/cathode/vendor/laravel/framework/src/Illuminate/Pipeline/Pipeline.php(163): Illuminate\\Cookie\\Middleware\\EncryptCookies->handle(Object(Illuminate\\Http\\Request), Object(Closure))
#43 /home/vagrant/code/cathode/vendor/laravel/framework/src/Illuminate/Routing/Pipeline.php(53): Illuminate\\Pipeline\\Pipeline->Illuminate\\Pipeline\\{closure}(Object(Illuminate\\Http\\Request))
#44 /home/vagrant/code/cathode/vendor/laravel/framework/src/Illuminate/Pipeline/Pipeline.php(104): Illuminate\\Routing\\Pipeline->Illuminate\\Routing\\{closure}(Object(Illuminate\\Http\\Request))
#45 /home/vagrant/code/cathode/vendor/laravel/framework/src/Illuminate/Routing/Router.php(682): Illuminate\\Pipeline\\Pipeline->then(Object(Closure))
#46 /home/vagrant/code/cathode/vendor/laravel/framework/src/Illuminate/Routing/Router.php(657): Illuminate\\Routing\\Router->runRouteWithinStack(Object(Illuminate\\Routing\\Route), Object(Illuminate\\Http\\Request))
#47 /home/vagrant/code/cathode/vendor/laravel/framework/src/Illuminate/Routing/Router.php(623): Illuminate\\Routing\\Router->runRoute(Object(Illuminate\\Http\\Request), Object(Illuminate\\Routing\\Route))
#48 /home/vagrant/code/cathode/vendor/laravel/framework/src/Illuminate/Routing/Router.php(612): Illuminate\\Routing\\Router->dispatchToRoute(Object(Illuminate\\Http\\Request))
#49 /home/vagrant/code/cathode/vendor/laravel/framework/src/Illuminate/Foundation/Http/Kernel.php(176): Illuminate\\Routing\\Router->dispatch(Object(Illuminate\\Http\\Request))
#50 /home/vagrant/code/cathode/vendor/laravel/framework/src/Illuminate/Routing/Pipeline.php(30): Illuminate\\Foundation\\Http\\Kernel->Illuminate\\Foundation\\Http\\{closure}(Object(Illuminate\\Http\\Request))
#51 /home/vagrant/code/cathode/vendor/fideloper/proxy/src/TrustProxies.php(57): Illuminate\\Routing\\Pipeline->Illuminate\\Routing\\{closure}(Object(Illuminate\\Http\\Request))
#52 /home/vagrant/code/cathode/vendor/laravel/framework/src/Illuminate/Pipeline/Pipeline.php(163): Fideloper\\Proxy\\TrustProxies->handle(Object(Illuminate\\Http\\Request), Object(Closure))
#53 /home/vagrant/code/cathode/vendor/laravel/framework/src/Illuminate/Routing/Pipeline.php(53): Illuminate\\Pipeline\\Pipeline->Illuminate\\Pipeline\\{closure}(Object(Illuminate\\Http\\Request))
#54 /home/vagrant/code/cathode/vendor/laravel/framework/src/Illuminate/Foundation/Http/Middleware/TransformsRequest.php(21): Illuminate\\Routing\\Pipeline->Illuminate\\Routing\\{closure}(Object(Illuminate\\Http\\Request))
#55 /home/vagrant/code/cathode/vendor/laravel/framework/src/Illuminate/Pipeline/Pipeline.php(163): Illuminate\\Foundation\\Http\\Middleware\\TransformsRequest->handle(Object(Illuminate\\Http\\Request), Object(Closure))
#56 /home/vagrant/code/cathode/vendor/laravel/framework/src/Illuminate/Routing/Pipeline.php(53): Illuminate\\Pipeline\\Pipeline->Illuminate\\Pipeline\\{closure}(Object(Illuminate\\Http\\Request))
#57 /home/vagrant/code/cathode/vendor/laravel/framework/src/Illuminate/Foundation/Http/Middleware/TransformsRequest.php(21): Illuminate\\Routing\\Pipeline->Illuminate\\Routing\\{closure}(Object(Illuminate\\Http\\Request))
#58 /home/vagrant/code/cathode/vendor/laravel/framework/src/Illuminate/Pipeline/Pipeline.php(163): Illuminate\\Foundation\\Http\\Middleware\\TransformsRequest->handle(Object(Illuminate\\Http\\Request), Object(Closure))
#59 /home/vagrant/code/cathode/vendor/laravel/framework/src/Illuminate/Routing/Pipeline.php(53): Illuminate\\Pipeline\\Pipeline->Illuminate\\Pipeline\\{closure}(Object(Illuminate\\Http\\Request))
#60 /home/vagrant/code/cathode/vendor/laravel/framework/src/Illuminate/Foundation/Http/Middleware/ValidatePostSize.php(27): Illuminate\\Routing\\Pipeline->Illuminate\\Routing\\{closure}(Object(Illuminate\\Http\\Request))
#61 /home/vagrant/code/cathode/vendor/laravel/framework/src/Illuminate/Pipeline/Pipeline.php(163): Illuminate\\Foundation\\Http\\Middleware\\ValidatePostSize->handle(Object(Illuminate\\Http\\Request), Object(Closure))
#62 /home/vagrant/code/cathode/vendor/laravel/framework/src/Illuminate/Routing/Pipeline.php(53): Illuminate\\Pipeline\\Pipeline->Illuminate\\Pipeline\\{closure}(Object(Illuminate\\Http\\Request))
#63 /home/vagrant/code/cathode/vendor/laravel/framework/src/Illuminate/Foundation/Http/Middleware/CheckForMaintenanceMode.php(62): Illuminate\\Routing\\Pipeline->Illuminate\\Routing\\{closure}(Object(Illuminate\\Http\\Request))
#64 /home/vagrant/code/cathode/vendor/laravel/framework/src/Illuminate/Pipeline/Pipeline.php(163): Illuminate\\Foundation\\Http\\Middleware\\CheckForMaintenanceMode->handle(Object(Illuminate\\Http\\Request), Object(Closure))
#65 /home/vagrant/code/cathode/vendor/laravel/framework/src/Illuminate/Routing/Pipeline.php(53): Illuminate\\Pipeline\\Pipeline->Illuminate\\Pipeline\\{closure}(Object(Illuminate\\Http\\Request))
#66 /home/vagrant/code/cathode/vendor/laravel/framework/src/Illuminate/Pipeline/Pipeline.php(104): Illuminate\\Routing\\Pipeline->Illuminate\\Routing\\{closure}(Object(Illuminate\\Http\\Request))
#67 /home/vagrant/code/cathode/vendor/laravel/framework/src/Illuminate/Foundation/Http/Kernel.php(151): Illuminate\\Pipeline\\Pipeline->then(Object(Closure))
#68 /home/vagrant/code/cathode/vendor/laravel/framework/src/Illuminate/Foundation/Http/Kernel.php(116): Illuminate\\Foundation\\Http\\Kernel->sendRequestThroughRouter(Object(Illuminate\\Http\\Request))
#69 /home/vagrant/code/cathode/public/index.php(55): Illuminate\\Foundation\\Http\\Kernel->handle(Object(Illuminate\\Http\\Request))
#70 {main}
"} 
